{"/home/travis/build/npmtest/node-npmtest-generator-aspnet/test.js":{"path":"/home/travis/build/npmtest/node-npmtest-generator-aspnet/test.js","s":{"1":2,"2":2,"3":2,"4":2,"5":2,"6":2,"7":2,"8":1,"9":2,"10":2,"11":1,"12":1,"13":1,"14":1,"15":2,"16":2,"17":2,"18":2,"19":1,"20":1,"21":2,"22":2,"23":2,"24":1,"25":1,"26":1,"27":1,"28":1,"29":1,"30":1,"31":1,"32":1,"33":1,"34":1,"35":1,"36":1,"37":2,"38":2,"39":1,"40":2,"41":2,"42":1,"43":2,"44":2,"45":1,"46":2,"47":2,"48":1,"49":1,"50":1,"51":1,"52":1},"b":{"1":[2,1,1,1],"2":[1,1,1,1],"3":[1,1],"4":[1,1],"5":[1,1],"6":[1,1],"7":[1,1],"8":[1,1],"9":[1,1,1],"10":[1,1],"11":[1,1],"12":[1,1],"13":[1,1],"14":[1,1],"15":[1,1],"16":[1,1]},"f":{"1":2,"2":2,"3":2,"4":2,"5":2,"6":1,"7":1,"8":2,"9":2,"10":2,"11":2,"12":1},"fnMap":{"1":{"name":"(anonymous_1)","line":12,"loc":{"start":{"line":12,"column":1},"end":{"line":12,"column":13}}},"2":{"name":"(anonymous_2)","line":19,"loc":{"start":{"line":19,"column":5},"end":{"line":19,"column":17}}},"3":{"name":"(anonymous_3)","line":23,"loc":{"start":{"line":23,"column":24},"end":{"line":23,"column":36}}},"4":{"name":"(anonymous_4)","line":61,"loc":{"start":{"line":61,"column":5},"end":{"line":61,"column":17}}},"5":{"name":"(anonymous_5)","line":82,"loc":{"start":{"line":82,"column":5},"end":{"line":82,"column":17}}},"6":{"name":"(anonymous_6)","line":102,"loc":{"start":{"line":102,"column":83},"end":{"line":105,"column":10}},"skip":true},"7":{"name":"(anonymous_7)","line":113,"loc":{"start":{"line":113,"column":77},"end":{"line":116,"column":10}},"skip":true},"8":{"name":"(anonymous_8)","line":129,"loc":{"start":{"line":129,"column":12},"end":{"line":129,"column":40}},"skip":true},"9":{"name":"(anonymous_9)","line":137,"loc":{"start":{"line":137,"column":77},"end":{"line":140,"column":10}},"skip":true},"10":{"name":"(anonymous_10)","line":148,"loc":{"start":{"line":148,"column":83},"end":{"line":151,"column":10}},"skip":true},"11":{"name":"(anonymous_11)","line":159,"loc":{"start":{"line":159,"column":79},"end":{"line":162,"column":10}},"skip":true},"12":{"name":"(anonymous_12)","line":170,"loc":{"start":{"line":170,"column":75},"end":{"line":173,"column":10}},"skip":true}},"statementMap":{"1":{"start":{"line":12,"column":0},"end":{"line":185,"column":5}},"2":{"start":{"line":14,"column":4},"end":{"line":14,"column":14}},"3":{"start":{"line":19,"column":4},"end":{"line":56,"column":9}},"4":{"start":{"line":21,"column":8},"end":{"line":21,"column":19}},"5":{"start":{"line":23,"column":8},"end":{"line":35,"column":13}},"6":{"start":{"line":24,"column":12},"end":{"line":34,"column":13}},"7":{"start":{"line":25,"column":16},"end":{"line":28,"column":30}},"8":{"start":{"line":30,"column":16},"end":{"line":33,"column":27}},"9":{"start":{"line":37,"column":8},"end":{"line":39,"column":21}},"10":{"start":{"line":40,"column":8},"end":{"line":53,"column":9}},"11":{"start":{"line":43,"column":12},"end":{"line":46,"column":14}},"12":{"start":{"line":47,"column":12},"end":{"line":47,"column":18}},"13":{"start":{"line":50,"column":12},"end":{"line":51,"column":46}},"14":{"start":{"line":52,"column":12},"end":{"line":52,"column":18}},"15":{"start":{"line":55,"column":8},"end":{"line":55,"column":35}},"16":{"start":{"line":61,"column":4},"end":{"line":63,"column":9}},"17":{"start":{"line":62,"column":8},"end":{"line":62,"column":15}},"18":{"start":{"line":64,"column":4},"end":{"line":77,"column":5}},"19":{"start":{"line":70,"column":8},"end":{"line":70,"column":14}},"20":{"start":{"line":76,"column":8},"end":{"line":76,"column":14}},"21":{"start":{"line":82,"column":4},"end":{"line":84,"column":9}},"22":{"start":{"line":83,"column":8},"end":{"line":83,"column":15}},"23":{"start":{"line":85,"column":4},"end":{"line":184,"column":5}},"24":{"start":{"line":92,"column":8},"end":{"line":94,"column":63}},"25":{"start":{"line":95,"column":8},"end":{"line":95,"column":14}},"26":{"start":{"line":102,"column":8},"end":{"line":111,"column":10},"skip":true},"27":{"start":{"line":109,"column":12},"end":{"line":109,"column":55},"skip":true},"28":{"start":{"line":110,"column":12},"end":{"line":110,"column":48},"skip":true},"29":{"start":{"line":113,"column":8},"end":{"line":126,"column":10},"skip":true},"30":{"start":{"line":120,"column":12},"end":{"line":120,"column":76},"skip":true},"31":{"start":{"line":121,"column":12},"end":{"line":121,"column":73},"skip":true},"32":{"start":{"line":122,"column":12},"end":{"line":122,"column":74},"skip":true},"33":{"start":{"line":123,"column":12},"end":{"line":123,"column":79},"skip":true},"34":{"start":{"line":124,"column":12},"end":{"line":124,"column":25},"skip":true},"35":{"start":{"line":125,"column":12},"end":{"line":125,"column":45},"skip":true},"36":{"start":{"line":128,"column":8},"end":{"line":135,"column":14},"skip":true},"37":{"start":{"line":133,"column":16},"end":{"line":133,"column":29},"skip":true},"38":{"start":{"line":134,"column":16},"end":{"line":134,"column":55},"skip":true},"39":{"start":{"line":137,"column":8},"end":{"line":146,"column":10},"skip":true},"40":{"start":{"line":144,"column":12},"end":{"line":144,"column":25},"skip":true},"41":{"start":{"line":145,"column":12},"end":{"line":145,"column":45},"skip":true},"42":{"start":{"line":148,"column":8},"end":{"line":157,"column":10},"skip":true},"43":{"start":{"line":155,"column":12},"end":{"line":155,"column":25},"skip":true},"44":{"start":{"line":156,"column":12},"end":{"line":156,"column":48},"skip":true},"45":{"start":{"line":159,"column":8},"end":{"line":168,"column":10},"skip":true},"46":{"start":{"line":166,"column":12},"end":{"line":166,"column":25},"skip":true},"47":{"start":{"line":167,"column":12},"end":{"line":167,"column":46},"skip":true},"48":{"start":{"line":170,"column":8},"end":{"line":179,"column":10},"skip":true},"49":{"start":{"line":177,"column":12},"end":{"line":177,"column":94},"skip":true},"50":{"start":{"line":178,"column":12},"end":{"line":178,"column":48},"skip":true},"51":{"start":{"line":182,"column":8},"end":{"line":182,"column":35},"skip":true},"52":{"start":{"line":183,"column":8},"end":{"line":183,"column":14},"skip":true}},"branchMap":{"1":{"line":25,"type":"binary-expr","locations":[{"start":{"line":25,"column":23},"end":{"line":25,"column":62}},{"start":{"line":26,"column":20},"end":{"line":26,"column":70}},{"start":{"line":27,"column":20},"end":{"line":27,"column":71}},{"start":{"line":28,"column":20},"end":{"line":28,"column":29}}]},"2":{"line":30,"type":"binary-expr","locations":[{"start":{"line":30,"column":23},"end":{"line":30,"column":37}},{"start":{"line":31,"column":20},"end":{"line":31,"column":61}},{"start":{"line":32,"column":20},"end":{"line":32,"column":70}},{"start":{"line":33,"column":20},"end":{"line":33,"column":26}}]},"3":{"line":37,"type":"cond-expr","locations":[{"start":{"line":38,"column":14},"end":{"line":38,"column":20}},{"start":{"line":39,"column":14},"end":{"line":39,"column":20}}]},"4":{"line":40,"type":"switch","locations":[{"start":{"line":42,"column":8},"end":{"line":47,"column":18}},{"start":{"line":49,"column":8},"end":{"line":52,"column":18}}]},"5":{"line":44,"type":"binary-expr","locations":[{"start":{"line":44,"column":16},"end":{"line":44,"column":44}},{"start":{"line":44,"column":48},"end":{"line":44,"column":66}}]},"6":{"line":50,"type":"binary-expr","locations":[{"start":{"line":50,"column":21},"end":{"line":50,"column":49}},{"start":{"line":50,"column":53},"end":{"line":50,"column":72}}]},"7":{"line":64,"type":"switch","locations":[{"start":{"line":69,"column":4},"end":{"line":70,"column":14}},{"start":{"line":75,"column":4},"end":{"line":76,"column":14}}]},"8":{"line":85,"type":"switch","locations":[{"start":{"line":90,"column":4},"end":{"line":95,"column":14}},{"start":{"line":101,"column":4},"end":{"line":183,"column":14},"skip":true}]},"9":{"line":92,"type":"binary-expr","locations":[{"start":{"line":92,"column":18},"end":{"line":92,"column":32}},{"start":{"line":93,"column":12},"end":{"line":93,"column":53}},{"start":{"line":94,"column":12},"end":{"line":94,"column":61}}]},"10":{"line":102,"type":"binary-expr","locations":[{"start":{"line":102,"column":45},"end":{"line":102,"column":79},"skip":true},{"start":{"line":102,"column":83},"end":{"line":111,"column":9},"skip":true}]},"11":{"line":113,"type":"binary-expr","locations":[{"start":{"line":113,"column":42},"end":{"line":113,"column":73},"skip":true},{"start":{"line":113,"column":77},"end":{"line":126,"column":9},"skip":true}]},"12":{"line":128,"type":"binary-expr","locations":[{"start":{"line":128,"column":48},"end":{"line":128,"column":85},"skip":true},{"start":{"line":129,"column":12},"end":{"line":135,"column":13},"skip":true}]},"13":{"line":137,"type":"binary-expr","locations":[{"start":{"line":137,"column":42},"end":{"line":137,"column":73},"skip":true},{"start":{"line":137,"column":77},"end":{"line":146,"column":9},"skip":true}]},"14":{"line":148,"type":"binary-expr","locations":[{"start":{"line":148,"column":45},"end":{"line":148,"column":79},"skip":true},{"start":{"line":148,"column":83},"end":{"line":157,"column":9},"skip":true}]},"15":{"line":159,"type":"binary-expr","locations":[{"start":{"line":159,"column":43},"end":{"line":159,"column":75},"skip":true},{"start":{"line":159,"column":79},"end":{"line":168,"column":9},"skip":true}]},"16":{"line":170,"type":"binary-expr","locations":[{"start":{"line":170,"column":41},"end":{"line":170,"column":71},"skip":true},{"start":{"line":170,"column":75},"end":{"line":179,"column":9},"skip":true}]}},"code":["/* istanbul instrument in package npmtest_generator_aspnet */","/*jslint","    bitwise: true,","    browser: true,","    maxerr: 8,","    maxlen: 96,","    node: true,","    nomen: true,","    regexp: true,","    stupid: true","*/","(function () {","    'use strict';","    var local;","","","","    // run shared js-env code - pre-init","    (function () {","        // init local","        local = {};","        // init modeJs","        local.modeJs = (function () {","            try {","                return typeof navigator.userAgent === 'string' &&","                    typeof document.querySelector('body') === 'object' &&","                    typeof XMLHttpRequest.prototype.open === 'function' &&","                    'browser';","            } catch (errorCaughtBrowser) {","                return module.exports &&","                    typeof process.versions.node === 'string' &&","                    typeof require('http').createServer === 'function' &&","                    'node';","            }","        }());","        // init global","        local.global = local.modeJs === 'browser'","            ? window","            : global;","        switch (local.modeJs) {","        // re-init local from window.local","        case 'browser':","            local = local.global.utility2.objectSetDefault(","                local.global.utility2_rollup || local.global.local,","                local.global.utility2","            );","            break;","        // re-init local from example.js","        case 'node':","            local = (local.global.utility2_rollup || require('utility2'))","                .requireExampleJsFromReadme();","            break;","        }","        // export local","        local.global.local = local;","    }());","","","","    // run shared js-env code - function","    (function () {","        return;","    }());","    switch (local.modeJs) {","","","","    // run browser js-env code - function","    case 'browser':","        break;","","","","    // run node js-env code - function","    case 'node':","        break;","    }","","","","    // run shared js-env code - post-init","    (function () {","        return;","    }());","    switch (local.modeJs) {","","","","    // run browser js-env code - post-init","    case 'browser':","        // run tests","        local.nop(local.modeTest &&","            document.querySelector('#testRunButton1') &&","            document.querySelector('#testRunButton1').click());","        break;","","","","    // run node js-env code - post-init","    /* istanbul ignore next */","    case 'node':","        local.testCase_buildApidoc_default = local.testCase_buildApidoc_default || function (","            options,","            onError","        ) {","        /*","         * this function will test buildApidoc's default handling-behavior-behavior","         */","            options = { modulePathList: module.paths };","            local.buildApidoc(options, onError);","        };","","        local.testCase_buildApp_default = local.testCase_buildApp_default || function (","            options,","            onError","        ) {","        /*","         * this function will test buildApp's default handling-behavior-behavior","         */","            local.testCase_buildReadme_default(options, local.onErrorThrow);","            local.testCase_buildLib_default(options, local.onErrorThrow);","            local.testCase_buildTest_default(options, local.onErrorThrow);","            local.testCase_buildCustomOrg_default(options, local.onErrorThrow);","            options = [];","            local.buildApp(options, onError);","        };","","        local.testCase_buildCustomOrg_default = local.testCase_buildCustomOrg_default ||","            function (options, onError) {","            /*","             * this function will test buildCustomOrg's default handling-behavior","             */","                options = {};","                local.buildCustomOrg(options, onError);","            };","","        local.testCase_buildLib_default = local.testCase_buildLib_default || function (","            options,","            onError","        ) {","        /*","         * this function will test buildLib's default handling-behavior","         */","            options = {};","            local.buildLib(options, onError);","        };","","        local.testCase_buildReadme_default = local.testCase_buildReadme_default || function (","            options,","            onError","        ) {","        /*","         * this function will test buildReadme's default handling-behavior-behavior","         */","            options = {};","            local.buildReadme(options, onError);","        };","","        local.testCase_buildTest_default = local.testCase_buildTest_default || function (","            options,","            onError","        ) {","        /*","         * this function will test buildTest's default handling-behavior","         */","            options = {};","            local.buildTest(options, onError);","        };","","        local.testCase_webpage_default = local.testCase_webpage_default || function (","            options,","            onError","        ) {","        /*","         * this function will test webpage's default handling-behavior","         */","            options = { modeCoverageMerge: true, url: local.serverLocalHost + '?modeTest=1' };","            local.browserTest(options, onError);","        };","","        // run test-server","        local.testRunServer(local);","        break;","    }","}());",""],"l":{"12":2,"14":2,"19":2,"21":2,"23":2,"24":2,"25":2,"30":1,"37":2,"40":2,"43":1,"47":1,"50":1,"52":1,"55":2,"61":2,"62":2,"64":2,"70":1,"76":1,"82":2,"83":2,"85":2,"92":1,"95":1,"102":1,"109":1,"110":1,"113":1,"120":1,"121":1,"122":1,"123":1,"124":1,"125":1,"128":1,"133":2,"134":2,"137":1,"144":2,"145":2,"148":1,"155":2,"156":2,"159":1,"166":2,"167":2,"170":1,"177":1,"178":1,"182":1,"183":1}},"/home/travis/build/npmtest/node-npmtest-generator-aspnet/lib.npmtest_generator_aspnet.js":{"path":"/home/travis/build/npmtest/node-npmtest-generator-aspnet/lib.npmtest_generator_aspnet.js","s":{"1":2,"2":2,"3":2,"4":2,"5":2,"6":2,"7":2,"8":1,"9":2,"10":2,"11":2,"12":2,"13":1,"14":1,"15":1,"16":1},"b":{"1":[2,1,1,1],"2":[1,1,1,1],"3":[1,1],"4":[2,2],"5":[1,1]},"f":{"1":2,"2":2,"3":2},"fnMap":{"1":{"name":"(anonymous_1)","line":12,"loc":{"start":{"line":12,"column":1},"end":{"line":12,"column":13}}},"2":{"name":"(anonymous_2)","line":19,"loc":{"start":{"line":19,"column":5},"end":{"line":19,"column":17}}},"3":{"name":"(anonymous_3)","line":23,"loc":{"start":{"line":23,"column":24},"end":{"line":23,"column":36}}}},"statementMap":{"1":{"start":{"line":12,"column":0},"end":{"line":53,"column":5}},"2":{"start":{"line":14,"column":4},"end":{"line":14,"column":14}},"3":{"start":{"line":19,"column":4},"end":{"line":52,"column":9}},"4":{"start":{"line":21,"column":8},"end":{"line":21,"column":19}},"5":{"start":{"line":23,"column":8},"end":{"line":35,"column":13}},"6":{"start":{"line":24,"column":12},"end":{"line":34,"column":13}},"7":{"start":{"line":25,"column":16},"end":{"line":28,"column":30}},"8":{"start":{"line":30,"column":16},"end":{"line":33,"column":27}},"9":{"start":{"line":37,"column":8},"end":{"line":39,"column":21}},"10":{"start":{"line":41,"column":8},"end":{"line":41,"column":54}},"11":{"start":{"line":43,"column":8},"end":{"line":43,"column":61}},"12":{"start":{"line":45,"column":8},"end":{"line":51,"column":9}},"13":{"start":{"line":46,"column":12},"end":{"line":46,"column":67}},"14":{"start":{"line":48,"column":12},"end":{"line":48,"column":35}},"15":{"start":{"line":49,"column":12},"end":{"line":49,"column":49}},"16":{"start":{"line":50,"column":12},"end":{"line":50,"column":43}}},"branchMap":{"1":{"line":25,"type":"binary-expr","locations":[{"start":{"line":25,"column":23},"end":{"line":25,"column":62}},{"start":{"line":26,"column":20},"end":{"line":26,"column":70}},{"start":{"line":27,"column":20},"end":{"line":27,"column":71}},{"start":{"line":28,"column":20},"end":{"line":28,"column":29}}]},"2":{"line":30,"type":"binary-expr","locations":[{"start":{"line":30,"column":23},"end":{"line":30,"column":37}},{"start":{"line":31,"column":20},"end":{"line":31,"column":61}},{"start":{"line":32,"column":20},"end":{"line":32,"column":70}},{"start":{"line":33,"column":20},"end":{"line":33,"column":26}}]},"3":{"line":37,"type":"cond-expr","locations":[{"start":{"line":38,"column":14},"end":{"line":38,"column":20}},{"start":{"line":39,"column":14},"end":{"line":39,"column":20}}]},"4":{"line":41,"type":"binary-expr","locations":[{"start":{"line":41,"column":16},"end":{"line":41,"column":44}},{"start":{"line":41,"column":48},"end":{"line":41,"column":53}}]},"5":{"line":45,"type":"if","locations":[{"start":{"line":45,"column":8},"end":{"line":45,"column":8}},{"start":{"line":45,"column":8},"end":{"line":45,"column":8}}]}},"code":["/* istanbul instrument in package npmtest_generator_aspnet */","/*jslint","    bitwise: true,","    browser: true,","    maxerr: 8,","    maxlen: 96,","    node: true,","    nomen: true,","    regexp: true,","    stupid: true","*/","(function () {","    'use strict';","    var local;","","","","    // run shared js-env code - pre-init","    (function () {","        // init local","        local = {};","        // init modeJs","        local.modeJs = (function () {","            try {","                return typeof navigator.userAgent === 'string' &&","                    typeof document.querySelector('body') === 'object' &&","                    typeof XMLHttpRequest.prototype.open === 'function' &&","                    'browser';","            } catch (errorCaughtBrowser) {","                return module.exports &&","                    typeof process.versions.node === 'string' &&","                    typeof require('http').createServer === 'function' &&","                    'node';","            }","        }());","        // init global","        local.global = local.modeJs === 'browser'","            ? window","            : global;","        // init utility2_rollup","        local = local.global.utility2_rollup || local;","        // init lib","        local.local = local.npmtest_generator_aspnet = local;","        // init exports","        if (local.modeJs === 'browser') {","            local.global.utility2_npmtest_generator_aspnet = local;","        } else {","            module.exports = local;","            module.exports.__dirname = __dirname;","            module.exports.module = module;","        }","    }());","}());",""],"l":{"12":2,"14":2,"19":2,"21":2,"23":2,"24":2,"25":2,"30":1,"37":2,"41":2,"43":2,"45":2,"46":1,"48":1,"49":1,"50":1}},"/home/travis/build/npmtest/node-npmtest-generator-aspnet/example.js":{"path":"/home/travis/build/npmtest/node-npmtest-generator-aspnet/example.js","s":{"1":2,"2":2,"3":2,"4":2,"5":2,"6":2,"7":2,"8":1,"9":2,"10":2,"11":2,"12":2,"13":1,"14":2,"15":2,"16":2,"17":2,"18":2,"19":0,"20":2,"21":1,"22":1,"23":1,"24":1,"25":1,"26":0,"27":0,"28":1,"29":1,"30":2,"31":0,"32":0,"33":0,"34":1,"35":2,"36":2,"37":2,"38":2,"39":2,"40":2,"41":0,"42":2,"43":2,"44":2,"45":1,"46":3,"47":1,"48":1,"49":1,"50":1,"51":1,"52":1,"53":1,"54":1,"55":1,"56":1,"57":0,"58":1,"59":6,"60":6,"61":1,"62":2,"63":0,"64":2,"65":1,"66":1,"67":0,"68":0,"69":0,"70":0,"71":0,"72":0,"73":0,"74":0,"75":0,"76":0,"77":0,"78":0,"79":0,"80":0,"81":0,"82":0,"83":0},"b":{"1":[2,1,1,1],"2":[1,1,1,1],"3":[1,1],"4":[2,2],"5":[1,1],"6":[1,1],"7":[2,0],"8":[2,1,1,1,1,1],"9":[0,2,0],"10":[1,1],"11":[2,1,1],"12":[1,0],"13":[0,2],"14":[2,0,0,0,0,0,0],"15":[0,2],"16":[2,0],"17":[1,1],"18":[0,1],"19":[1,2,0,2],"20":[1,0],"21":[1,1],"22":[0,0],"23":[0,0],"24":[0,0],"25":[0,0],"26":[0,0],"27":[0,0],"28":[0,0]},"f":{"1":2,"2":2,"3":2,"4":2,"5":2,"6":2,"7":2,"8":2,"9":3,"10":1,"11":6,"12":0},"fnMap":{"1":{"name":"(anonymous_1)","line":26,"loc":{"start":{"line":26,"column":1},"end":{"line":26,"column":13}}},"2":{"name":"(anonymous_2)","line":33,"loc":{"start":{"line":33,"column":5},"end":{"line":33,"column":17}}},"3":{"name":"(anonymous_3)","line":37,"loc":{"start":{"line":37,"column":24},"end":{"line":37,"column":36}}},"4":{"name":"(anonymous_4)","line":69,"loc":{"start":{"line":69,"column":31},"end":{"line":69,"column":48}},"skip":true},"5":{"name":"(anonymous_5)","line":78,"loc":{"start":{"line":78,"column":26},"end":{"line":78,"column":45}},"skip":true},"6":{"name":"(anonymous_6)","line":123,"loc":{"start":{"line":123,"column":33},"end":{"line":123,"column":48}},"skip":true},"7":{"name":"(anonymous_7)","line":125,"loc":{"start":{"line":125,"column":27},"end":{"line":125,"column":39}},"skip":true},"8":{"name":"(anonymous_8)","line":133,"loc":{"start":{"line":133,"column":59},"end":{"line":133,"column":74}},"skip":true},"9":{"name":"(anonymous_9)","line":143,"loc":{"start":{"line":143,"column":45},"end":{"line":143,"column":62}},"skip":true},"10":{"name":"(anonymous_10)","line":144,"loc":{"start":{"line":144,"column":73},"end":{"line":144,"column":92}},"skip":true},"11":{"name":"(anonymous_11)","line":272,"loc":{"start":{"line":272,"column":51},"end":{"line":272,"column":77}},"skip":true},"12":{"name":"(anonymous_12)","line":314,"loc":{"start":{"line":314,"column":32},"end":{"line":314,"column":61}},"skip":true}},"statementMap":{"1":{"start":{"line":26,"column":0},"end":{"line":325,"column":5}},"2":{"start":{"line":28,"column":4},"end":{"line":28,"column":14}},"3":{"start":{"line":33,"column":4},"end":{"line":60,"column":9}},"4":{"start":{"line":35,"column":8},"end":{"line":35,"column":19}},"5":{"start":{"line":37,"column":8},"end":{"line":49,"column":13}},"6":{"start":{"line":38,"column":12},"end":{"line":48,"column":13}},"7":{"start":{"line":39,"column":16},"end":{"line":42,"column":30}},"8":{"start":{"line":44,"column":16},"end":{"line":47,"column":27}},"9":{"start":{"line":51,"column":8},"end":{"line":53,"column":21}},"10":{"start":{"line":55,"column":8},"end":{"line":57,"column":45}},"11":{"start":{"line":59,"column":8},"end":{"line":59,"column":35}},"12":{"start":{"line":61,"column":4},"end":{"line":324,"column":5}},"13":{"start":{"line":69,"column":8},"end":{"line":121,"column":10},"skip":true},"14":{"start":{"line":70,"column":12},"end":{"line":88,"column":13},"skip":true},"15":{"start":{"line":76,"column":16},"end":{"line":87,"column":19},"skip":true},"16":{"start":{"line":79,"column":20},"end":{"line":86,"column":21},"skip":true},"17":{"start":{"line":82,"column":24},"end":{"line":82,"column":43},"skip":true},"18":{"start":{"line":83,"column":24},"end":{"line":83,"column":30},"skip":true},"19":{"start":{"line":85,"column":24},"end":{"line":85,"column":49},"skip":true},"20":{"start":{"line":89,"column":12},"end":{"line":107,"column":13},"skip":true},"21":{"start":{"line":92,"column":16},"end":{"line":102,"column":17},"skip":true},"22":{"start":{"line":93,"column":20},"end":{"line":93,"column":86},"skip":true},"23":{"start":{"line":94,"column":20},"end":{"line":95,"column":45},"skip":true},"24":{"start":{"line":96,"column":20},"end":{"line":96,"column":42},"skip":true},"25":{"start":{"line":97,"column":20},"end":{"line":97,"column":48},"skip":true},"26":{"start":{"line":100,"column":20},"end":{"line":100,"column":85},"skip":true},"27":{"start":{"line":101,"column":20},"end":{"line":101,"column":96},"skip":true},"28":{"start":{"line":103,"column":16},"end":{"line":103,"column":22},"skip":true},"29":{"start":{"line":106,"column":16},"end":{"line":106,"column":22},"skip":true},"30":{"start":{"line":108,"column":12},"end":{"line":120,"column":13},"skip":true},"31":{"start":{"line":114,"column":16},"end":{"line":119,"column":17},"skip":true},"32":{"start":{"line":116,"column":20},"end":{"line":116,"column":78},"skip":true},"33":{"start":{"line":118,"column":20},"end":{"line":118,"column":47},"skip":true},"34":{"start":{"line":123,"column":8},"end":{"line":141,"column":11},"skip":true},"35":{"start":{"line":124,"column":12},"end":{"line":124,"column":54},"skip":true},"36":{"start":{"line":125,"column":12},"end":{"line":140,"column":14},"skip":true},"37":{"start":{"line":126,"column":16},"end":{"line":126,"column":28},"skip":true},"38":{"start":{"line":127,"column":16},"end":{"line":127,"column":69},"skip":true},"39":{"start":{"line":128,"column":16},"end":{"line":128,"column":75},"skip":true},"40":{"start":{"line":129,"column":16},"end":{"line":131,"column":17},"skip":true},"41":{"start":{"line":130,"column":20},"end":{"line":130,"column":27},"skip":true},"42":{"start":{"line":133,"column":16},"end":{"line":137,"column":36},"skip":true},"43":{"start":{"line":134,"column":20},"end":{"line":136,"column":55},"skip":true},"44":{"start":{"line":139,"column":16},"end":{"line":139,"column":57},"skip":true},"45":{"start":{"line":143,"column":8},"end":{"line":147,"column":11},"skip":true},"46":{"start":{"line":144,"column":12},"end":{"line":146,"column":15},"skip":true},"47":{"start":{"line":145,"column":16},"end":{"line":145,"column":70},"skip":true},"48":{"start":{"line":149,"column":8},"end":{"line":149,"column":31},"skip":true},"49":{"start":{"line":150,"column":8},"end":{"line":150,"column":14},"skip":true},"50":{"start":{"line":158,"column":8},"end":{"line":158,"column":31},"skip":true},"51":{"start":{"line":160,"column":8},"end":{"line":160,"column":33},"skip":true},"52":{"start":{"line":161,"column":8},"end":{"line":161,"column":37},"skip":true},"53":{"start":{"line":162,"column":8},"end":{"line":162,"column":35},"skip":true},"54":{"start":{"line":164,"column":8},"end":{"line":164,"column":50},"skip":true},"55":{"start":{"line":166,"column":8},"end":{"line":256,"column":2},"skip":true},"56":{"start":{"line":258,"column":8},"end":{"line":286,"column":9},"skip":true},"57":{"start":{"line":259,"column":12},"end":{"line":269,"column":14},"skip":true},"58":{"start":{"line":271,"column":12},"end":{"line":285,"column":19},"skip":true},"59":{"start":{"line":274,"column":20},"end":{"line":274,"column":35},"skip":true},"60":{"start":{"line":275,"column":20},"end":{"line":284,"column":21},"skip":true},"61":{"start":{"line":277,"column":24},"end":{"line":277,"column":64},"skip":true},"62":{"start":{"line":279,"column":24},"end":{"line":279,"column":40},"skip":true},"63":{"start":{"line":281,"column":24},"end":{"line":281,"column":40},"skip":true},"64":{"start":{"line":283,"column":24},"end":{"line":283,"column":39},"skip":true},"65":{"start":{"line":288,"column":8},"end":{"line":290,"column":9},"skip":true},"66":{"start":{"line":289,"column":12},"end":{"line":289,"column":18},"skip":true},"67":{"start":{"line":291,"column":8},"end":{"line":293,"column":54},"skip":true},"68":{"start":{"line":294,"column":8},"end":{"line":301,"column":37},"skip":true},"69":{"start":{"line":302,"column":8},"end":{"line":302,"column":82},"skip":true},"70":{"start":{"line":305,"column":8},"end":{"line":307,"column":9},"skip":true},"71":{"start":{"line":306,"column":12},"end":{"line":306,"column":82},"skip":true},"72":{"start":{"line":309,"column":8},"end":{"line":311,"column":9},"skip":true},"73":{"start":{"line":310,"column":12},"end":{"line":310,"column":18},"skip":true},"74":{"start":{"line":312,"column":8},"end":{"line":312,"column":54},"skip":true},"75":{"start":{"line":313,"column":8},"end":{"line":313,"column":69},"skip":true},"76":{"start":{"line":314,"column":8},"end":{"line":322,"column":36},"skip":true},"77":{"start":{"line":315,"column":12},"end":{"line":315,"column":61},"skip":true},"78":{"start":{"line":316,"column":12},"end":{"line":319,"column":13},"skip":true},"79":{"start":{"line":317,"column":16},"end":{"line":317,"column":75},"skip":true},"80":{"start":{"line":318,"column":16},"end":{"line":318,"column":23},"skip":true},"81":{"start":{"line":320,"column":12},"end":{"line":320,"column":38},"skip":true},"82":{"start":{"line":321,"column":12},"end":{"line":321,"column":27},"skip":true},"83":{"start":{"line":323,"column":8},"end":{"line":323,"column":14},"skip":true}},"branchMap":{"1":{"line":39,"type":"binary-expr","locations":[{"start":{"line":39,"column":23},"end":{"line":39,"column":62}},{"start":{"line":40,"column":20},"end":{"line":40,"column":70}},{"start":{"line":41,"column":20},"end":{"line":41,"column":71}},{"start":{"line":42,"column":20},"end":{"line":42,"column":29}}]},"2":{"line":44,"type":"binary-expr","locations":[{"start":{"line":44,"column":23},"end":{"line":44,"column":37}},{"start":{"line":45,"column":20},"end":{"line":45,"column":61}},{"start":{"line":46,"column":20},"end":{"line":46,"column":70}},{"start":{"line":47,"column":20},"end":{"line":47,"column":26}}]},"3":{"line":51,"type":"cond-expr","locations":[{"start":{"line":52,"column":14},"end":{"line":52,"column":20}},{"start":{"line":53,"column":14},"end":{"line":53,"column":20}}]},"4":{"line":55,"type":"binary-expr","locations":[{"start":{"line":55,"column":16},"end":{"line":55,"column":44}},{"start":{"line":55,"column":49},"end":{"line":57,"column":43}}]},"5":{"line":55,"type":"cond-expr","locations":[{"start":{"line":56,"column":14},"end":{"line":56,"column":60}},{"start":{"line":57,"column":14},"end":{"line":57,"column":43}}]},"6":{"line":61,"type":"switch","locations":[{"start":{"line":68,"column":4},"end":{"line":150,"column":14},"skip":true},{"start":{"line":156,"column":4},"end":{"line":323,"column":14},"skip":true}]},"7":{"line":70,"type":"if","locations":[{"start":{"line":70,"column":12},"end":{"line":70,"column":12},"skip":true},{"start":{"line":70,"column":12},"end":{"line":70,"column":12},"skip":true}]},"8":{"line":70,"type":"binary-expr","locations":[{"start":{"line":70,"column":16},"end":{"line":70,"column":22},"skip":true},{"start":{"line":70,"column":27},"end":{"line":70,"column":32},"skip":true},{"start":{"line":71,"column":20},"end":{"line":71,"column":39},"skip":true},{"start":{"line":72,"column":20},"end":{"line":72,"column":49},"skip":true},{"start":{"line":73,"column":20},"end":{"line":73,"column":58},"skip":true},{"start":{"line":74,"column":20},"end":{"line":74,"column":69},"skip":true}]},"9":{"line":79,"type":"switch","locations":[{"start":{"line":80,"column":20},"end":{"line":80,"column":33},"skip":true},{"start":{"line":81,"column":20},"end":{"line":83,"column":30},"skip":true},{"start":{"line":84,"column":20},"end":{"line":85,"column":49},"skip":true}]},"10":{"line":89,"type":"switch","locations":[{"start":{"line":90,"column":12},"end":{"line":103,"column":22},"skip":true},{"start":{"line":105,"column":12},"end":{"line":106,"column":22},"skip":true}]},"11":{"line":89,"type":"binary-expr","locations":[{"start":{"line":89,"column":20},"end":{"line":89,"column":25},"skip":true},{"start":{"line":89,"column":29},"end":{"line":89,"column":48},"skip":true},{"start":{"line":89,"column":52},"end":{"line":89,"column":74},"skip":true}]},"12":{"line":92,"type":"if","locations":[{"start":{"line":92,"column":16},"end":{"line":92,"column":16},"skip":true},{"start":{"line":92,"column":16},"end":{"line":92,"column":16},"skip":true}]},"13":{"line":108,"type":"if","locations":[{"start":{"line":108,"column":12},"end":{"line":108,"column":12},"skip":true},{"start":{"line":108,"column":12},"end":{"line":108,"column":12},"skip":true}]},"14":{"line":108,"type":"binary-expr","locations":[{"start":{"line":108,"column":16},"end":{"line":108,"column":61},"skip":true},{"start":{"line":108,"column":66},"end":{"line":108,"column":72},"skip":true},{"start":{"line":108,"column":77},"end":{"line":108,"column":82},"skip":true},{"start":{"line":109,"column":20},"end":{"line":109,"column":39},"skip":true},{"start":{"line":110,"column":20},"end":{"line":110,"column":49},"skip":true},{"start":{"line":111,"column":20},"end":{"line":111,"column":58},"skip":true},{"start":{"line":112,"column":20},"end":{"line":112,"column":68},"skip":true}]},"15":{"line":129,"type":"if","locations":[{"start":{"line":129,"column":16},"end":{"line":129,"column":16},"skip":true},{"start":{"line":129,"column":16},"end":{"line":129,"column":16},"skip":true}]},"16":{"line":134,"type":"cond-expr","locations":[{"start":{"line":135,"column":26},"end":{"line":135,"column":29},"skip":true},{"start":{"line":136,"column":26},"end":{"line":136,"column":54},"skip":true}]},"17":{"line":164,"type":"binary-expr","locations":[{"start":{"line":164,"column":27},"end":{"line":164,"column":43},"skip":true},{"start":{"line":164,"column":47},"end":{"line":164,"column":49},"skip":true}]},"18":{"line":258,"type":"if","locations":[{"start":{"line":258,"column":8},"end":{"line":258,"column":8},"skip":true},{"start":{"line":258,"column":8},"end":{"line":258,"column":8},"skip":true}]},"19":{"line":275,"type":"switch","locations":[{"start":{"line":276,"column":20},"end":{"line":277,"column":64},"skip":true},{"start":{"line":278,"column":20},"end":{"line":279,"column":40},"skip":true},{"start":{"line":280,"column":20},"end":{"line":281,"column":40},"skip":true},{"start":{"line":282,"column":20},"end":{"line":283,"column":39},"skip":true}]},"20":{"line":288,"type":"if","locations":[{"start":{"line":288,"column":8},"end":{"line":288,"column":8},"skip":true},{"start":{"line":288,"column":8},"end":{"line":288,"column":8},"skip":true}]},"21":{"line":288,"type":"binary-expr","locations":[{"start":{"line":288,"column":12},"end":{"line":288,"column":40},"skip":true},{"start":{"line":288,"column":44},"end":{"line":288,"column":67},"skip":true}]},"22":{"line":292,"type":"binary-expr","locations":[{"start":{"line":292,"column":12},"end":{"line":292,"column":50},"skip":true},{"start":{"line":293,"column":12},"end":{"line":293,"column":53},"skip":true}]},"23":{"line":295,"type":"binary-expr","locations":[{"start":{"line":295,"column":12},"end":{"line":295,"column":74},"skip":true},{"start":{"line":296,"column":12},"end":{"line":301,"column":36},"skip":true}]},"24":{"line":302,"type":"binary-expr","locations":[{"start":{"line":302,"column":43},"end":{"line":302,"column":75},"skip":true},{"start":{"line":302,"column":79},"end":{"line":302,"column":81},"skip":true}]},"25":{"line":305,"type":"if","locations":[{"start":{"line":305,"column":8},"end":{"line":305,"column":8},"skip":true},{"start":{"line":305,"column":8},"end":{"line":305,"column":8},"skip":true}]},"26":{"line":309,"type":"if","locations":[{"start":{"line":309,"column":8},"end":{"line":309,"column":8},"skip":true},{"start":{"line":309,"column":8},"end":{"line":309,"column":8},"skip":true}]},"27":{"line":312,"type":"binary-expr","locations":[{"start":{"line":312,"column":27},"end":{"line":312,"column":43},"skip":true},{"start":{"line":312,"column":47},"end":{"line":312,"column":53},"skip":true}]},"28":{"line":316,"type":"if","locations":[{"start":{"line":316,"column":12},"end":{"line":316,"column":12},"skip":true},{"start":{"line":316,"column":12},"end":{"line":316,"column":12},"skip":true}]}},"code":["/*","example.js","","quickstart example","","instruction","    1. save this script as example.js","    2. run the shell command:","        $ npm install npmtest-generator-aspnet && PORT=8081 node example.js","    3. play with the browser-demo on http://127.0.0.1:8081","*/","","","","/* istanbul instrument in package npmtest_generator_aspnet */","/*jslint","    bitwise: true,","    browser: true,","    maxerr: 8,","    maxlen: 96,","    node: true,","    nomen: true,","    regexp: true,","    stupid: true","*/","(function () {","    'use strict';","    var local;","","","","    // run shared js-env code - pre-init","    (function () {","        // init local","        local = {};","        // init modeJs","        local.modeJs = (function () {","            try {","                return typeof navigator.userAgent === 'string' &&","                    typeof document.querySelector('body') === 'object' &&","                    typeof XMLHttpRequest.prototype.open === 'function' &&","                    'browser';","            } catch (errorCaughtBrowser) {","                return module.exports &&","                    typeof process.versions.node === 'string' &&","                    typeof require('http').createServer === 'function' &&","                    'node';","            }","        }());","        // init global","        local.global = local.modeJs === 'browser'","            ? window","            : global;","        // init utility2_rollup","        local = local.global.utility2_rollup || (local.modeJs === 'browser'","            ? local.global.utility2_npmtest_generator_aspnet","            : global.utility2_moduleExports);","        // export local","        local.global.local = local;","    }());","    switch (local.modeJs) {","","","","    // post-init","    // run browser js-env code - post-init","    /* istanbul ignore next */","    case 'browser':","        local.testRunBrowser = function (event) {","            if (!event || (event &&","                    event.currentTarget &&","                    event.currentTarget.className &&","                    event.currentTarget.className.includes &&","                    event.currentTarget.className.includes('onreset'))) {","                // reset output","                Array.from(","                    document.querySelectorAll('body > .resettable')","                ).forEach(function (element) {","                    switch (element.tagName) {","                    case 'INPUT':","                    case 'TEXTAREA':","                        element.value = '';","                        break;","                    default:","                        element.textContent = '';","                    }","                });","            }","            switch (event && event.currentTarget && event.currentTarget.id) {","            case 'testRunButton1':","                // show tests","                if (document.querySelector('#testReportDiv1').style.display === 'none') {","                    document.querySelector('#testReportDiv1').style.display = 'block';","                    document.querySelector('#testRunButton1').textContent =","                        'hide internal test';","                    local.modeTest = true;","                    local.testRunDefault(local);","                // hide tests","                } else {","                    document.querySelector('#testReportDiv1').style.display = 'none';","                    document.querySelector('#testRunButton1').textContent = 'run internal test';","                }","                break;","            // custom-case","            default:","                break;","            }","            if (document.querySelector('#inputTextareaEval1') && (!event || (event &&","                    event.currentTarget &&","                    event.currentTarget.className &&","                    event.currentTarget.className.includes &&","                    event.currentTarget.className.includes('oneval')))) {","                // try to eval input-code","                try {","                    /*jslint evil: true*/","                    eval(document.querySelector('#inputTextareaEval1').value);","                } catch (errorCaught) {","                    console.error(errorCaught);","                }","            }","        };","        // log stderr and stdout to #outputTextareaStdout1","        ['error', 'log'].forEach(function (key) {","            console[key + '_original'] = console[key];","            console[key] = function () {","                var element;","                console[key + '_original'].apply(console, arguments);","                element = document.querySelector('#outputTextareaStdout1');","                if (!element) {","                    return;","                }","                // append text to #outputTextareaStdout1","                element.value += Array.from(arguments).map(function (arg) {","                    return typeof arg === 'string'","                        ? arg","                        : JSON.stringify(arg, null, 4);","                }).join(' ') + '\\n';","                // scroll textarea to bottom","                element.scrollTop = element.scrollHeight;","            };","        });","        // init event-handling","        ['change', 'click', 'keyup'].forEach(function (event) {","            Array.from(document.querySelectorAll('.on' + event)).forEach(function (element) {","                element.addEventListener(event, local.testRunBrowser);","            });","        });","        // run tests","        local.testRunBrowser();","        break;","","","","    // run node js-env code - post-init","    /* istanbul ignore next */","    case 'node':","        // export local","        module.exports = local;","        // require modules","        local.fs = require('fs');","        local.http = require('http');","        local.url = require('url');","        // init assets","        local.assetsDict = local.assetsDict || {};","        /* jslint-ignore-begin */","        local.assetsDict['/assets.index.template.html'] = '\\","<!doctype html>\\n\\","<html lang=\"en\">\\n\\","<head>\\n\\","<meta charset=\"UTF-8\">\\n\\","<meta name=\"viewport\" content=\"width=device-width, initial-scale=1\">\\n\\","<title>{{env.npm_package_name}} (v{{env.npm_package_version}})</title>\\n\\","<style>\\n\\","/*csslint\\n\\","    box-sizing: false,\\n\\","    universal-selector: false\\n\\","*/\\n\\","* {\\n\\","    box-sizing: border-box;\\n\\","}\\n\\","body {\\n\\","    background: #dde;\\n\\","    font-family: Arial, Helvetica, sans-serif;\\n\\","    margin: 2rem;\\n\\","}\\n\\","body > * {\\n\\","    margin-bottom: 1rem;\\n\\","}\\n\\",".utility2FooterDiv {\\n\\","    margin-top: 20px;\\n\\","    text-align: center;\\n\\","}\\n\\","</style>\\n\\","<style>\\n\\","/*csslint\\n\\","*/\\n\\","textarea {\\n\\","    font-family: monospace;\\n\\","    height: 10rem;\\n\\","    width: 100%;\\n\\","}\\n\\","textarea[readonly] {\\n\\","    background: #ddd;\\n\\","}\\n\\","</style>\\n\\","</head>\\n\\","<body>\\n\\","<!-- utility2-comment\\n\\","<div id=\"ajaxProgressDiv1\" style=\"background: #d00; height: 2px; left: 0; margin: 0; padding: 0; position: fixed; top: 0; transition: background 0.5s, width 1.5s; width: 25%;\"></div>\\n\\","utility2-comment -->\\n\\","<h1>\\n\\","<!-- utility2-comment\\n\\","    <a\\n\\","        {{#if env.npm_package_homepage}}\\n\\","        href=\"{{env.npm_package_homepage}}\"\\n\\","        {{/if env.npm_package_homepage}}\\n\\","        target=\"_blank\"\\n\\","    >\\n\\","utility2-comment -->\\n\\","        {{env.npm_package_name}} (v{{env.npm_package_version}})\\n\\","<!-- utility2-comment\\n\\","    </a>\\n\\","utility2-comment -->\\n\\","</h1>\\n\\","<h3>{{env.npm_package_description}}</h3>\\n\\","<!-- utility2-comment\\n\\","<h4><a download href=\"assets.app.js\">download standalone app</a></h4>\\n\\","<button class=\"onclick onreset\" id=\"testRunButton1\">run internal test</button><br>\\n\\","<div id=\"testReportDiv1\" style=\"display: none;\"></div>\\n\\","utility2-comment -->\\n\\","\\n\\","\\n\\","\\n\\","<label>stderr and stdout</label>\\n\\","<textarea class=\"resettable\" id=\"outputTextareaStdout1\" readonly></textarea>\\n\\","<!-- utility2-comment\\n\\","{{#if isRollup}}\\n\\","<script src=\"assets.app.js\"></script>\\n\\","{{#unless isRollup}}\\n\\","utility2-comment -->\\n\\","<script src=\"assets.utility2.rollup.js\"></script>\\n\\","<script src=\"jsonp.utility2._stateInit?callback=window.utility2._stateInit\"></script>\\n\\","<script src=\"assets.npmtest_generator_aspnet.rollup.js\"></script>\\n\\","<script src=\"assets.example.js\"></script>\\n\\","<script src=\"assets.test.js\"></script>\\n\\","<!-- utility2-comment\\n\\","{{/if isRollup}}\\n\\","utility2-comment -->\\n\\","<div class=\"utility2FooterDiv\">\\n\\","    [ this app was created with\\n\\","    <a href=\"https://github.com/kaizhu256/node-utility2\" target=\"_blank\">utility2</a>\\n\\","    ]\\n\\","</div>\\n\\","</body>\\n\\","</html>\\n\\","';","        /* jslint-ignore-end */","        if (local.templateRender) {","            local.assetsDict['/'] = local.templateRender(","                local.assetsDict['/assets.index.template.html'],","                {","                    env: local.objectSetDefault(local.env, {","                        npm_package_description: 'the greatest app in the world!',","                        npm_package_name: 'my-app',","                        npm_package_nameAlias: 'my_app',","                        npm_package_version: '0.0.1'","                    })","                }","            );","        } else {","            local.assetsDict['/'] = local.assetsDict['/assets.index.template.html']","                .replace((/\\{\\{env\\.(\\w+?)\\}\\}/g), function (match0, match1) {","                    // jslint-hack","                    String(match0);","                    switch (match1) {","                    case 'npm_package_description':","                        return 'the greatest app in the world!';","                    case 'npm_package_name':","                        return 'my-app';","                    case 'npm_package_nameAlias':","                        return 'my_app';","                    case 'npm_package_version':","                        return '0.0.1';","                    }","                });","        }","        // run the cli","        if (local.global.utility2_rollup || module !== require.main) {","            break;","        }","        local.assetsDict['/assets.example.js'] =","            local.assetsDict['/assets.example.js'] ||","            local.fs.readFileSync(__filename, 'utf8');","        local.assetsDict['/assets.npmtest_generator_aspnet.rollup.js'] =","            local.assetsDict['/assets.npmtest_generator_aspnet.rollup.js'] ||","            local.fs.readFileSync(","                // buildCustomOrg-hack","                local.npmtest_generator_aspnet.__dirname +","                    '/lib.npmtest_generator_aspnet.js',","                'utf8'","            ).replace((/^#!/), '//');","        local.assetsDict['/favicon.ico'] = local.assetsDict['/favicon.ico'] || '';","        // if $npm_config_timeout_exit exists,","        // then exit this process after $npm_config_timeout_exit ms","        if (Number(process.env.npm_config_timeout_exit)) {","            setTimeout(process.exit, Number(process.env.npm_config_timeout_exit));","        }","        // start server","        if (local.global.utility2_serverHttp1) {","            break;","        }","        process.env.PORT = process.env.PORT || '8081';","        console.error('server starting on port ' + process.env.PORT);","        local.http.createServer(function (request, response) {","            request.urlParsed = local.url.parse(request.url);","            if (local.assetsDict[request.urlParsed.pathname] !== undefined) {","                response.end(local.assetsDict[request.urlParsed.pathname]);","                return;","            }","            response.statusCode = 404;","            response.end();","        }).listen(process.env.PORT);","        break;","    }","}());",""],"l":{"26":2,"28":2,"33":2,"35":2,"37":2,"38":2,"39":2,"44":1,"51":2,"55":2,"59":2,"61":2,"69":1,"70":2,"76":2,"79":2,"82":2,"83":2,"85":1,"89":2,"92":1,"93":1,"94":1,"96":1,"97":1,"100":1,"101":1,"103":1,"106":1,"108":2,"114":1,"116":1,"118":1,"123":1,"124":2,"125":2,"126":2,"127":2,"128":2,"129":2,"130":1,"133":2,"134":2,"139":2,"143":1,"144":3,"145":1,"149":1,"150":1,"158":1,"160":1,"161":1,"162":1,"164":1,"166":1,"258":1,"259":1,"271":1,"274":6,"275":6,"277":1,"279":2,"281":1,"283":2,"288":1,"289":1,"291":1,"294":1,"302":1,"305":1,"306":1,"309":1,"310":1,"312":1,"313":1,"314":1,"315":1,"316":1,"317":1,"318":1,"320":1,"321":1,"323":1}},"/home/travis/build/npmtest/node-npmtest-generator-aspnet/node_modules/generator-aspnet/app/index.js":{"path":"/home/travis/build/npmtest/node-npmtest-generator-aspnet/node_modules/generator-aspnet/app/index.js","s":{"1":1,"2":1,"3":1,"4":1,"5":1,"6":1,"7":1,"8":1,"9":1,"10":0,"11":0,"12":0,"13":0,"14":0,"15":0,"16":0,"17":0,"18":0,"19":0,"20":0,"21":0,"22":0,"23":0,"24":0,"25":0,"26":0,"27":0,"28":0,"29":0,"30":0,"31":0,"32":0,"33":0,"34":0,"35":0,"36":0,"37":0,"38":0,"39":0,"40":0,"41":0,"42":0,"43":0,"44":0,"45":0,"46":0,"47":0,"48":0,"49":0,"50":0,"51":0,"52":0,"53":0,"54":0,"55":0,"56":0,"57":0,"58":0,"59":0,"60":0,"61":0,"62":0,"63":0,"64":0,"65":0,"66":0,"67":0,"68":0,"69":0,"70":0,"71":0,"72":0,"73":0,"74":0,"75":0,"76":0,"77":0,"78":0,"79":0,"80":0,"81":0,"82":0,"83":0,"84":0,"85":0,"86":0,"87":0,"88":0,"89":0,"90":0,"91":0,"92":0,"93":0,"94":0,"95":0,"96":0,"97":0,"98":0,"99":0,"100":0,"101":0,"102":0,"103":0,"104":0,"105":0,"106":0,"107":0,"108":0,"109":0,"110":0,"111":0,"112":0,"113":0,"114":0,"115":0,"116":0,"117":0,"118":0,"119":0,"120":0,"121":0,"122":0,"123":0,"124":0,"125":0,"126":0,"127":0,"128":0,"129":0,"130":0,"131":0,"132":0,"133":0,"134":0,"135":0,"136":0,"137":0,"138":0,"139":0,"140":0,"141":0,"142":0,"143":0,"144":0,"145":0,"146":0,"147":0,"148":0,"149":0,"150":0,"151":0,"152":0,"153":0,"154":0,"155":0,"156":0,"157":0,"158":0,"159":0,"160":0,"161":0,"162":0,"163":0,"164":0,"165":0,"166":0,"167":0,"168":0,"169":0,"170":0,"171":0,"172":0,"173":0,"174":0,"175":0,"176":0,"177":0,"178":0,"179":0,"180":0,"181":0,"182":0,"183":0,"184":0,"185":0,"186":0,"187":0,"188":0,"189":0,"190":0,"191":0,"192":0,"193":0,"194":0,"195":0,"196":0,"197":0,"198":0,"199":0,"200":0,"201":0,"202":0,"203":0,"204":0,"205":0,"206":0,"207":0,"208":0,"209":0,"210":0,"211":0,"212":0,"213":0,"214":0,"215":0,"216":0,"217":0,"218":0,"219":0,"220":0,"221":0,"222":0,"223":0,"224":0,"225":0,"226":0,"227":0,"228":0,"229":0,"230":0,"231":0,"232":0,"233":0,"234":0,"235":0,"236":0,"237":0,"238":0,"239":0,"240":0,"241":0,"242":0,"243":0,"244":0,"245":0,"246":0,"247":0,"248":0,"249":0,"250":0,"251":0,"252":0,"253":0,"254":0,"255":0,"256":0,"257":0,"258":0,"259":0,"260":0,"261":0,"262":0,"263":0,"264":0,"265":0,"266":0,"267":0,"268":0,"269":0,"270":0,"271":0,"272":0,"273":0,"274":0,"275":0,"276":0,"277":0,"278":0,"279":0,"280":0,"281":0,"282":0,"283":0,"284":0,"285":1},"b":{"1":[0,0],"2":[0,0],"3":[0,0],"4":[0,0],"5":[0,0],"6":[0,0],"7":[0,0],"8":[0,0],"9":[0,0,0,0,0,0,0,0,0,0,0,0,0,0,0,0],"10":[0,0,0,0,0,0,0,0,0,0,0,0,0,0,0,0,0],"11":[0,0],"12":[0,0,0,0],"13":[0,0],"14":[0,0,0,0,0,0,0,0,0,0,0,0,0]},"f":{"1":0,"2":0,"3":0,"4":0,"5":0,"6":0,"7":0,"8":0,"9":0,"10":0,"11":0,"12":0},"fnMap":{"1":{"name":"(anonymous_1)","line":12,"loc":{"start":{"line":12,"column":15},"end":{"line":12,"column":26}}},"2":{"name":"(anonymous_2)","line":21,"loc":{"start":{"line":21,"column":8},"end":{"line":21,"column":19}}},"3":{"name":"(anonymous_3)","line":26,"loc":{"start":{"line":26,"column":21},"end":{"line":26,"column":32}}},"4":{"name":"(anonymous_4)","line":59,"loc":{"start":{"line":59,"column":10},"end":{"line":59,"column":21}}},"5":{"name":"(anonymous_5)","line":135,"loc":{"start":{"line":135,"column":16},"end":{"line":135,"column":34}}},"6":{"name":"(anonymous_6)","line":142,"loc":{"start":{"line":142,"column":27},"end":{"line":142,"column":44}}},"7":{"name":"(anonymous_7)","line":150,"loc":{"start":{"line":150,"column":22},"end":{"line":150,"column":33}}},"8":{"name":"(anonymous_8)","line":166,"loc":{"start":{"line":166,"column":14},"end":{"line":166,"column":25}}},"9":{"name":"(anonymous_9)","line":225,"loc":{"start":{"line":225,"column":27},"end":{"line":225,"column":44}}},"10":{"name":"(anonymous_10)","line":235,"loc":{"start":{"line":235,"column":11},"end":{"line":235,"column":22}}},"11":{"name":"(anonymous_11)","line":501,"loc":{"start":{"line":501,"column":7},"end":{"line":501,"column":18}}},"12":{"name":"(anonymous_12)","line":518,"loc":{"start":{"line":518,"column":19},"end":{"line":518,"column":30}}}},"statementMap":{"1":{"start":{"line":2,"column":0},"end":{"line":2,"column":41}},"2":{"start":{"line":3,"column":0},"end":{"line":3,"column":29}},"3":{"start":{"line":4,"column":0},"end":{"line":4,"column":29}},"4":{"start":{"line":5,"column":0},"end":{"line":5,"column":31}},"5":{"start":{"line":6,"column":0},"end":{"line":6,"column":27}},"6":{"start":{"line":7,"column":0},"end":{"line":7,"column":27}},"7":{"start":{"line":8,"column":0},"end":{"line":8,"column":44}},"8":{"start":{"line":9,"column":0},"end":{"line":9,"column":38}},"9":{"start":{"line":10,"column":0},"end":{"line":551,"column":3}},"10":{"start":{"line":13,"column":4},"end":{"line":13,"column":50}},"11":{"start":{"line":15,"column":4},"end":{"line":15,"column":97}},"12":{"start":{"line":16,"column":4},"end":{"line":16,"column":109}},"13":{"start":{"line":17,"column":4},"end":{"line":17,"column":135}},"14":{"start":{"line":22,"column":4},"end":{"line":22,"column":73}},"15":{"start":{"line":23,"column":4},"end":{"line":23,"column":27}},"16":{"start":{"line":27,"column":4},"end":{"line":56,"column":5}},"17":{"start":{"line":29,"column":6},"end":{"line":29,"column":42}},"18":{"start":{"line":30,"column":6},"end":{"line":46,"column":24}},"19":{"start":{"line":48,"column":6},"end":{"line":55,"column":7}},"20":{"start":{"line":50,"column":8},"end":{"line":50,"column":76}},"21":{"start":{"line":51,"column":8},"end":{"line":51,"column":30}},"22":{"start":{"line":52,"column":8},"end":{"line":52,"column":41}},"23":{"start":{"line":54,"column":8},"end":{"line":54,"column":65}},"24":{"start":{"line":60,"column":4},"end":{"line":60,"column":29}},"25":{"start":{"line":61,"column":4},"end":{"line":147,"column":5}},"26":{"start":{"line":62,"column":6},"end":{"line":62,"column":30}},"27":{"start":{"line":64,"column":6},"end":{"line":140,"column":8}},"28":{"start":{"line":136,"column":12},"end":{"line":136,"column":73}},"29":{"start":{"line":142,"column":6},"end":{"line":146,"column":20}},"30":{"start":{"line":143,"column":8},"end":{"line":143,"column":31}},"31":{"start":{"line":144,"column":8},"end":{"line":144,"column":27}},"32":{"start":{"line":145,"column":8},"end":{"line":145,"column":15}},"33":{"start":{"line":151,"column":4},"end":{"line":151,"column":68}},"34":{"start":{"line":152,"column":4},"end":{"line":152,"column":61}},"35":{"start":{"line":153,"column":4},"end":{"line":153,"column":57}},"36":{"start":{"line":154,"column":4},"end":{"line":154,"column":39}},"37":{"start":{"line":155,"column":4},"end":{"line":155,"column":68}},"38":{"start":{"line":156,"column":4},"end":{"line":156,"column":35}},"39":{"start":{"line":157,"column":4},"end":{"line":157,"column":51}},"40":{"start":{"line":158,"column":4},"end":{"line":163,"column":6}},"41":{"start":{"line":167,"column":4},"end":{"line":232,"column":5}},"42":{"start":{"line":168,"column":6},"end":{"line":168,"column":30}},"43":{"start":{"line":169,"column":6},"end":{"line":169,"column":19}},"44":{"start":{"line":170,"column":6},"end":{"line":219,"column":7}},"45":{"start":{"line":172,"column":10},"end":{"line":172,"column":38}},"46":{"start":{"line":173,"column":10},"end":{"line":173,"column":16}},"47":{"start":{"line":175,"column":10},"end":{"line":175,"column":37}},"48":{"start":{"line":176,"column":10},"end":{"line":176,"column":16}},"49":{"start":{"line":178,"column":10},"end":{"line":178,"column":33}},"50":{"start":{"line":179,"column":10},"end":{"line":179,"column":16}},"51":{"start":{"line":181,"column":10},"end":{"line":181,"column":38}},"52":{"start":{"line":182,"column":10},"end":{"line":182,"column":16}},"53":{"start":{"line":184,"column":10},"end":{"line":184,"column":36}},"54":{"start":{"line":185,"column":10},"end":{"line":185,"column":16}},"55":{"start":{"line":187,"column":10},"end":{"line":187,"column":35}},"56":{"start":{"line":188,"column":10},"end":{"line":188,"column":16}},"57":{"start":{"line":190,"column":10},"end":{"line":190,"column":31}},"58":{"start":{"line":191,"column":10},"end":{"line":191,"column":16}},"59":{"start":{"line":193,"column":10},"end":{"line":193,"column":27}},"60":{"start":{"line":194,"column":10},"end":{"line":194,"column":16}},"61":{"start":{"line":196,"column":10},"end":{"line":196,"column":27}},"62":{"start":{"line":197,"column":10},"end":{"line":197,"column":16}},"63":{"start":{"line":199,"column":10},"end":{"line":199,"column":31}},"64":{"start":{"line":200,"column":10},"end":{"line":200,"column":16}},"65":{"start":{"line":202,"column":10},"end":{"line":202,"column":37}},"66":{"start":{"line":203,"column":10},"end":{"line":203,"column":16}},"67":{"start":{"line":205,"column":10},"end":{"line":205,"column":36}},"68":{"start":{"line":206,"column":10},"end":{"line":206,"column":16}},"69":{"start":{"line":208,"column":10},"end":{"line":208,"column":38}},"70":{"start":{"line":209,"column":10},"end":{"line":209,"column":16}},"71":{"start":{"line":211,"column":10},"end":{"line":211,"column":38}},"72":{"start":{"line":212,"column":10},"end":{"line":212,"column":16}},"73":{"start":{"line":214,"column":10},"end":{"line":214,"column":27}},"74":{"start":{"line":215,"column":10},"end":{"line":215,"column":16}},"75":{"start":{"line":217,"column":10},"end":{"line":217,"column":27}},"76":{"start":{"line":218,"column":10},"end":{"line":218,"column":16}},"77":{"start":{"line":220,"column":6},"end":{"line":224,"column":9}},"78":{"start":{"line":225,"column":6},"end":{"line":229,"column":20}},"79":{"start":{"line":226,"column":8},"end":{"line":226,"column":53}},"80":{"start":{"line":227,"column":8},"end":{"line":227,"column":34}},"81":{"start":{"line":228,"column":8},"end":{"line":228,"column":15}},"82":{"start":{"line":231,"column":6},"end":{"line":231,"column":32}},"83":{"start":{"line":236,"column":4},"end":{"line":236,"column":66}},"84":{"start":{"line":238,"column":4},"end":{"line":490,"column":5}},"85":{"start":{"line":241,"column":8},"end":{"line":241,"column":84}},"86":{"start":{"line":243,"column":8},"end":{"line":243,"column":100}},"87":{"start":{"line":245,"column":8},"end":{"line":245,"column":114}},"88":{"start":{"line":247,"column":8},"end":{"line":247,"column":114}},"89":{"start":{"line":249,"column":8},"end":{"line":249,"column":159}},"90":{"start":{"line":251,"column":8},"end":{"line":251,"column":91}},"91":{"start":{"line":254,"column":8},"end":{"line":254,"column":119}},"92":{"start":{"line":255,"column":8},"end":{"line":255,"column":125}},"93":{"start":{"line":256,"column":8},"end":{"line":256,"column":92}},"94":{"start":{"line":257,"column":8},"end":{"line":257,"column":55}},"95":{"start":{"line":258,"column":8},"end":{"line":258,"column":122}},"96":{"start":{"line":259,"column":8},"end":{"line":259,"column":14}},"97":{"start":{"line":262,"column":8},"end":{"line":262,"column":84}},"98":{"start":{"line":263,"column":8},"end":{"line":263,"column":103}},"99":{"start":{"line":264,"column":8},"end":{"line":264,"column":103}},"100":{"start":{"line":265,"column":8},"end":{"line":265,"column":127}},"101":{"start":{"line":266,"column":8},"end":{"line":266,"column":116}},"102":{"start":{"line":267,"column":8},"end":{"line":267,"column":116}},"103":{"start":{"line":268,"column":8},"end":{"line":268,"column":161}},"104":{"start":{"line":269,"column":8},"end":{"line":269,"column":119}},"105":{"start":{"line":270,"column":8},"end":{"line":270,"column":158}},"106":{"start":{"line":271,"column":8},"end":{"line":271,"column":94}},"107":{"start":{"line":272,"column":8},"end":{"line":272,"column":92}},"108":{"start":{"line":273,"column":8},"end":{"line":273,"column":55}},"109":{"start":{"line":274,"column":8},"end":{"line":274,"column":122}},"110":{"start":{"line":275,"column":8},"end":{"line":275,"column":14}},"111":{"start":{"line":278,"column":8},"end":{"line":278,"column":84}},"112":{"start":{"line":280,"column":8},"end":{"line":280,"column":88}},"113":{"start":{"line":281,"column":8},"end":{"line":281,"column":103}},"114":{"start":{"line":282,"column":8},"end":{"line":282,"column":126}},"115":{"start":{"line":283,"column":8},"end":{"line":283,"column":150}},"116":{"start":{"line":284,"column":8},"end":{"line":284,"column":114}},"117":{"start":{"line":285,"column":8},"end":{"line":285,"column":106}},"118":{"start":{"line":286,"column":8},"end":{"line":286,"column":129}},"119":{"start":{"line":287,"column":8},"end":{"line":287,"column":159}},"120":{"start":{"line":288,"column":8},"end":{"line":288,"column":114}},"121":{"start":{"line":289,"column":8},"end":{"line":289,"column":90}},"122":{"start":{"line":290,"column":8},"end":{"line":290,"column":114}},"123":{"start":{"line":292,"column":8},"end":{"line":292,"column":158}},"124":{"start":{"line":293,"column":8},"end":{"line":293,"column":152}},"125":{"start":{"line":294,"column":8},"end":{"line":294,"column":156}},"126":{"start":{"line":296,"column":8},"end":{"line":296,"column":220}},"127":{"start":{"line":297,"column":8},"end":{"line":297,"column":202}},"128":{"start":{"line":298,"column":8},"end":{"line":298,"column":198}},"129":{"start":{"line":299,"column":8},"end":{"line":299,"column":150}},"130":{"start":{"line":301,"column":8},"end":{"line":301,"column":144}},"131":{"start":{"line":302,"column":8},"end":{"line":302,"column":147}},"132":{"start":{"line":303,"column":8},"end":{"line":303,"column":145}},"133":{"start":{"line":305,"column":8},"end":{"line":305,"column":119}},"134":{"start":{"line":307,"column":8},"end":{"line":307,"column":142}},"135":{"start":{"line":308,"column":8},"end":{"line":308,"column":138}},"136":{"start":{"line":309,"column":8},"end":{"line":309,"column":148}},"137":{"start":{"line":311,"column":8},"end":{"line":311,"column":109}},"138":{"start":{"line":315,"column":8},"end":{"line":315,"column":91}},"139":{"start":{"line":316,"column":8},"end":{"line":316,"column":92}},"140":{"start":{"line":319,"column":8},"end":{"line":319,"column":149}},"141":{"start":{"line":320,"column":8},"end":{"line":320,"column":122}},"142":{"start":{"line":321,"column":8},"end":{"line":321,"column":14}},"143":{"start":{"line":323,"column":8},"end":{"line":323,"column":84}},"144":{"start":{"line":325,"column":8},"end":{"line":325,"column":88}},"145":{"start":{"line":326,"column":8},"end":{"line":326,"column":106}},"146":{"start":{"line":327,"column":8},"end":{"line":327,"column":103}},"147":{"start":{"line":328,"column":8},"end":{"line":328,"column":114}},"148":{"start":{"line":329,"column":8},"end":{"line":329,"column":126}},"149":{"start":{"line":330,"column":8},"end":{"line":330,"column":150}},"150":{"start":{"line":331,"column":8},"end":{"line":331,"column":159}},"151":{"start":{"line":332,"column":8},"end":{"line":332,"column":114}},"152":{"start":{"line":334,"column":8},"end":{"line":334,"column":119}},"153":{"start":{"line":335,"column":8},"end":{"line":335,"column":90}},"154":{"start":{"line":336,"column":8},"end":{"line":336,"column":114}},"155":{"start":{"line":337,"column":8},"end":{"line":337,"column":114}},"156":{"start":{"line":339,"column":8},"end":{"line":339,"column":152}},"157":{"start":{"line":341,"column":8},"end":{"line":341,"column":109}},"158":{"start":{"line":345,"column":8},"end":{"line":345,"column":91}},"159":{"start":{"line":349,"column":8},"end":{"line":349,"column":149}},"160":{"start":{"line":350,"column":8},"end":{"line":350,"column":122}},"161":{"start":{"line":351,"column":8},"end":{"line":351,"column":14}},"162":{"start":{"line":353,"column":8},"end":{"line":353,"column":84}},"163":{"start":{"line":354,"column":8},"end":{"line":354,"column":100}},"164":{"start":{"line":355,"column":8},"end":{"line":355,"column":114}},"165":{"start":{"line":356,"column":8},"end":{"line":356,"column":149}},"166":{"start":{"line":357,"column":8},"end":{"line":357,"column":120}},"167":{"start":{"line":358,"column":8},"end":{"line":358,"column":114}},"168":{"start":{"line":359,"column":8},"end":{"line":359,"column":122}},"169":{"start":{"line":360,"column":8},"end":{"line":360,"column":14}},"170":{"start":{"line":362,"column":8},"end":{"line":362,"column":79}},"171":{"start":{"line":363,"column":8},"end":{"line":363,"column":111}},"172":{"start":{"line":364,"column":8},"end":{"line":364,"column":114}},"173":{"start":{"line":365,"column":8},"end":{"line":365,"column":163}},"174":{"start":{"line":366,"column":8},"end":{"line":366,"column":122}},"175":{"start":{"line":367,"column":8},"end":{"line":367,"column":14}},"176":{"start":{"line":369,"column":8},"end":{"line":369,"column":84}},"177":{"start":{"line":371,"column":8},"end":{"line":371,"column":100}},"178":{"start":{"line":373,"column":8},"end":{"line":373,"column":112}},"179":{"start":{"line":375,"column":8},"end":{"line":375,"column":159}},"180":{"start":{"line":376,"column":8},"end":{"line":376,"column":122}},"181":{"start":{"line":377,"column":8},"end":{"line":377,"column":14}},"182":{"start":{"line":379,"column":8},"end":{"line":379,"column":84}},"183":{"start":{"line":380,"column":8},"end":{"line":380,"column":100}},"184":{"start":{"line":381,"column":8},"end":{"line":381,"column":118}},"185":{"start":{"line":382,"column":8},"end":{"line":382,"column":156}},"186":{"start":{"line":383,"column":8},"end":{"line":383,"column":105}},"187":{"start":{"line":384,"column":8},"end":{"line":384,"column":122}},"188":{"start":{"line":385,"column":8},"end":{"line":385,"column":14}},"189":{"start":{"line":388,"column":8},"end":{"line":388,"column":84}},"190":{"start":{"line":389,"column":8},"end":{"line":389,"column":100}},"191":{"start":{"line":390,"column":8},"end":{"line":390,"column":118}},"192":{"start":{"line":391,"column":8},"end":{"line":391,"column":156}},"193":{"start":{"line":392,"column":8},"end":{"line":392,"column":122}},"194":{"start":{"line":393,"column":8},"end":{"line":393,"column":14}},"195":{"start":{"line":397,"column":8},"end":{"line":397,"column":84}},"196":{"start":{"line":398,"column":8},"end":{"line":398,"column":100}},"197":{"start":{"line":399,"column":8},"end":{"line":399,"column":114}},"198":{"start":{"line":400,"column":8},"end":{"line":400,"column":159}},"199":{"start":{"line":401,"column":8},"end":{"line":401,"column":122}},"200":{"start":{"line":402,"column":8},"end":{"line":402,"column":14}},"201":{"start":{"line":405,"column":8},"end":{"line":405,"column":84}},"202":{"start":{"line":406,"column":8},"end":{"line":406,"column":111}},"203":{"start":{"line":407,"column":8},"end":{"line":407,"column":114}},"204":{"start":{"line":408,"column":8},"end":{"line":408,"column":163}},"205":{"start":{"line":409,"column":8},"end":{"line":409,"column":122}},"206":{"start":{"line":410,"column":8},"end":{"line":410,"column":14}},"207":{"start":{"line":413,"column":8},"end":{"line":413,"column":84}},"208":{"start":{"line":414,"column":8},"end":{"line":414,"column":100}},"209":{"start":{"line":415,"column":8},"end":{"line":415,"column":114}},"210":{"start":{"line":416,"column":8},"end":{"line":416,"column":114}},"211":{"start":{"line":417,"column":8},"end":{"line":417,"column":159}},"212":{"start":{"line":418,"column":8},"end":{"line":418,"column":91}},"213":{"start":{"line":420,"column":8},"end":{"line":420,"column":119}},"214":{"start":{"line":421,"column":8},"end":{"line":421,"column":92}},"215":{"start":{"line":422,"column":8},"end":{"line":422,"column":149}},"216":{"start":{"line":423,"column":8},"end":{"line":423,"column":55}},"217":{"start":{"line":424,"column":8},"end":{"line":424,"column":122}},"218":{"start":{"line":425,"column":8},"end":{"line":425,"column":14}},"219":{"start":{"line":428,"column":8},"end":{"line":428,"column":84}},"220":{"start":{"line":429,"column":8},"end":{"line":429,"column":103}},"221":{"start":{"line":430,"column":8},"end":{"line":430,"column":103}},"222":{"start":{"line":431,"column":8},"end":{"line":431,"column":127}},"223":{"start":{"line":432,"column":8},"end":{"line":432,"column":116}},"224":{"start":{"line":433,"column":8},"end":{"line":433,"column":116}},"225":{"start":{"line":434,"column":8},"end":{"line":434,"column":161}},"226":{"start":{"line":435,"column":8},"end":{"line":435,"column":119}},"227":{"start":{"line":436,"column":8},"end":{"line":436,"column":125}},"228":{"start":{"line":437,"column":8},"end":{"line":437,"column":94}},"229":{"start":{"line":438,"column":8},"end":{"line":438,"column":92}},"230":{"start":{"line":439,"column":8},"end":{"line":439,"column":128}},"231":{"start":{"line":440,"column":8},"end":{"line":440,"column":122}},"232":{"start":{"line":441,"column":8},"end":{"line":441,"column":14}},"233":{"start":{"line":444,"column":8},"end":{"line":444,"column":84}},"234":{"start":{"line":446,"column":8},"end":{"line":446,"column":88}},"235":{"start":{"line":447,"column":8},"end":{"line":447,"column":106}},"236":{"start":{"line":448,"column":8},"end":{"line":448,"column":103}},"237":{"start":{"line":449,"column":8},"end":{"line":449,"column":114}},"238":{"start":{"line":450,"column":8},"end":{"line":450,"column":126}},"239":{"start":{"line":451,"column":8},"end":{"line":451,"column":150}},"240":{"start":{"line":452,"column":8},"end":{"line":452,"column":159}},"241":{"start":{"line":453,"column":8},"end":{"line":453,"column":114}},"242":{"start":{"line":455,"column":8},"end":{"line":455,"column":119}},"243":{"start":{"line":456,"column":8},"end":{"line":456,"column":90}},"244":{"start":{"line":457,"column":8},"end":{"line":457,"column":114}},"245":{"start":{"line":458,"column":8},"end":{"line":458,"column":114}},"246":{"start":{"line":460,"column":8},"end":{"line":460,"column":121}},"247":{"start":{"line":462,"column":8},"end":{"line":462,"column":109}},"248":{"start":{"line":466,"column":8},"end":{"line":466,"column":91}},"249":{"start":{"line":467,"column":8},"end":{"line":467,"column":122}},"250":{"start":{"line":468,"column":8},"end":{"line":468,"column":14}},"251":{"start":{"line":471,"column":8},"end":{"line":471,"column":84}},"252":{"start":{"line":472,"column":8},"end":{"line":472,"column":100}},"253":{"start":{"line":473,"column":8},"end":{"line":473,"column":156}},"254":{"start":{"line":474,"column":8},"end":{"line":474,"column":110}},"255":{"start":{"line":475,"column":8},"end":{"line":475,"column":108}},"256":{"start":{"line":476,"column":8},"end":{"line":476,"column":122}},"257":{"start":{"line":477,"column":8},"end":{"line":477,"column":14}},"258":{"start":{"line":480,"column":8},"end":{"line":480,"column":84}},"259":{"start":{"line":481,"column":8},"end":{"line":481,"column":100}},"260":{"start":{"line":482,"column":8},"end":{"line":482,"column":156}},"261":{"start":{"line":483,"column":8},"end":{"line":483,"column":110}},"262":{"start":{"line":484,"column":8},"end":{"line":484,"column":108}},"263":{"start":{"line":485,"column":8},"end":{"line":485,"column":122}},"264":{"start":{"line":486,"column":8},"end":{"line":486,"column":14}},"265":{"start":{"line":489,"column":8},"end":{"line":489,"column":41}},"266":{"start":{"line":502,"column":4},"end":{"line":511,"column":5}},"267":{"start":{"line":503,"column":6},"end":{"line":503,"column":42}},"268":{"start":{"line":504,"column":6},"end":{"line":508,"column":9}},"269":{"start":{"line":510,"column":6},"end":{"line":510,"column":29}},"270":{"start":{"line":519,"column":4},"end":{"line":519,"column":21}},"271":{"start":{"line":520,"column":4},"end":{"line":520,"column":93}},"272":{"start":{"line":521,"column":4},"end":{"line":521,"column":67}},"273":{"start":{"line":522,"column":4},"end":{"line":522,"column":48}},"274":{"start":{"line":523,"column":4},"end":{"line":523,"column":101}},"275":{"start":{"line":524,"column":4},"end":{"line":526,"column":5}},"276":{"start":{"line":525,"column":6},"end":{"line":525,"column":114}},"277":{"start":{"line":527,"column":4},"end":{"line":547,"column":5}},"278":{"start":{"line":529,"column":8},"end":{"line":529,"column":48}},"279":{"start":{"line":530,"column":8},"end":{"line":530,"column":14}},"280":{"start":{"line":540,"column":8},"end":{"line":540,"column":48}},"281":{"start":{"line":541,"column":8},"end":{"line":541,"column":14}},"282":{"start":{"line":545,"column":8},"end":{"line":545,"column":49}},"283":{"start":{"line":546,"column":8},"end":{"line":546,"column":14}},"284":{"start":{"line":549,"column":4},"end":{"line":549,"column":21}},"285":{"start":{"line":553,"column":0},"end":{"line":553,"column":33}}},"branchMap":{"1":{"line":27,"type":"if","locations":[{"start":{"line":27,"column":4},"end":{"line":27,"column":4}},{"start":{"line":27,"column":4},"end":{"line":27,"column":4}}]},"2":{"line":48,"type":"if","locations":[{"start":{"line":48,"column":6},"end":{"line":48,"column":6}},{"start":{"line":48,"column":6},"end":{"line":48,"column":6}}]},"3":{"line":61,"type":"if","locations":[{"start":{"line":61,"column":4},"end":{"line":61,"column":4}},{"start":{"line":61,"column":4},"end":{"line":61,"column":4}}]},"4":{"line":136,"type":"binary-expr","locations":[{"start":{"line":136,"column":19},"end":{"line":136,"column":41}},{"start":{"line":136,"column":45},"end":{"line":136,"column":72}}]},"5":{"line":155,"type":"cond-expr","locations":[{"start":{"line":155,"column":55},"end":{"line":155,"column":59}},{"start":{"line":155,"column":62},"end":{"line":155,"column":67}}]},"6":{"line":159,"type":"cond-expr","locations":[{"start":{"line":160,"column":8},"end":{"line":160,"column":35}},{"start":{"line":160,"column":38},"end":{"line":160,"column":61}}]},"7":{"line":161,"type":"cond-expr","locations":[{"start":{"line":162,"column":8},"end":{"line":162,"column":43}},{"start":{"line":162,"column":46},"end":{"line":162,"column":77}}]},"8":{"line":167,"type":"if","locations":[{"start":{"line":167,"column":4},"end":{"line":167,"column":4}},{"start":{"line":167,"column":4},"end":{"line":167,"column":4}}]},"9":{"line":170,"type":"switch","locations":[{"start":{"line":171,"column":8},"end":{"line":173,"column":16}},{"start":{"line":174,"column":8},"end":{"line":176,"column":16}},{"start":{"line":177,"column":8},"end":{"line":179,"column":16}},{"start":{"line":180,"column":8},"end":{"line":182,"column":16}},{"start":{"line":183,"column":8},"end":{"line":185,"column":16}},{"start":{"line":186,"column":8},"end":{"line":188,"column":16}},{"start":{"line":189,"column":8},"end":{"line":191,"column":16}},{"start":{"line":192,"column":8},"end":{"line":194,"column":16}},{"start":{"line":195,"column":8},"end":{"line":197,"column":16}},{"start":{"line":198,"column":8},"end":{"line":200,"column":16}},{"start":{"line":201,"column":8},"end":{"line":203,"column":16}},{"start":{"line":204,"column":8},"end":{"line":206,"column":16}},{"start":{"line":207,"column":8},"end":{"line":209,"column":16}},{"start":{"line":210,"column":8},"end":{"line":212,"column":16}},{"start":{"line":213,"column":8},"end":{"line":215,"column":16}},{"start":{"line":216,"column":8},"end":{"line":218,"column":16}}]},"10":{"line":238,"type":"switch","locations":[{"start":{"line":240,"column":6},"end":{"line":259,"column":14}},{"start":{"line":261,"column":6},"end":{"line":275,"column":14}},{"start":{"line":277,"column":6},"end":{"line":321,"column":14}},{"start":{"line":322,"column":6},"end":{"line":351,"column":14}},{"start":{"line":352,"column":6},"end":{"line":360,"column":14}},{"start":{"line":361,"column":6},"end":{"line":367,"column":14}},{"start":{"line":368,"column":6},"end":{"line":377,"column":14}},{"start":{"line":378,"column":6},"end":{"line":385,"column":14}},{"start":{"line":387,"column":6},"end":{"line":393,"column":14}},{"start":{"line":396,"column":6},"end":{"line":402,"column":14}},{"start":{"line":404,"column":6},"end":{"line":410,"column":14}},{"start":{"line":412,"column":6},"end":{"line":425,"column":14}},{"start":{"line":427,"column":6},"end":{"line":441,"column":14}},{"start":{"line":443,"column":6},"end":{"line":468,"column":14}},{"start":{"line":470,"column":6},"end":{"line":477,"column":14}},{"start":{"line":479,"column":6},"end":{"line":486,"column":14}},{"start":{"line":488,"column":6},"end":{"line":489,"column":41}}]},"11":{"line":502,"type":"if","locations":[{"start":{"line":502,"column":4},"end":{"line":502,"column":4}},{"start":{"line":502,"column":4},"end":{"line":502,"column":4}}]},"12":{"line":502,"type":"binary-expr","locations":[{"start":{"line":502,"column":7},"end":{"line":502,"column":36}},{"start":{"line":502,"column":41},"end":{"line":502,"column":60}},{"start":{"line":502,"column":64},"end":{"line":502,"column":88}},{"start":{"line":502,"column":92},"end":{"line":502,"column":123}}]},"13":{"line":524,"type":"if","locations":[{"start":{"line":524,"column":4},"end":{"line":524,"column":4}},{"start":{"line":524,"column":4},"end":{"line":524,"column":4}}]},"14":{"line":527,"type":"switch","locations":[{"start":{"line":528,"column":6},"end":{"line":530,"column":14}},{"start":{"line":531,"column":6},"end":{"line":531,"column":17}},{"start":{"line":532,"column":6},"end":{"line":532,"column":19}},{"start":{"line":533,"column":6},"end":{"line":533,"column":17}},{"start":{"line":534,"column":6},"end":{"line":534,"column":20}},{"start":{"line":535,"column":6},"end":{"line":535,"column":22}},{"start":{"line":536,"column":6},"end":{"line":536,"column":28}},{"start":{"line":537,"column":6},"end":{"line":537,"column":27}},{"start":{"line":538,"column":6},"end":{"line":538,"column":29}},{"start":{"line":539,"column":6},"end":{"line":541,"column":14}},{"start":{"line":542,"column":6},"end":{"line":542,"column":19}},{"start":{"line":543,"column":6},"end":{"line":543,"column":27}},{"start":{"line":544,"column":6},"end":{"line":546,"column":14}}]}},"code":["'use strict';","var yeoman = require('yeoman-generator');","var yosay = require('yosay');","var chalk = require('chalk');","var mkdirp = require('mkdirp');","var path = require('path');","var guid = require('uuid');","var projectName = require('vs_projectname');","var pckg = require('../package.json');","var AspnetGenerator = yeoman.generators.Base.extend({","","  constructor: function() {","    yeoman.generators.Base.apply(this, arguments);","","    this.argument('type', { type: String, required: false, desc: 'the project type to create' });","    this.argument('applicationName', { type: String, required: false, desc: 'the name of the application' });","    this.argument('ui', {type: String, required: false, defaults: 'bootstrap', desc: 'the ui library to use (bootstrap OR semantic)'});","  },","","","  init: function() {","    this.log(yosay('Welcome to the marvellous ASP.NET Core generator!'));","    this.templatedata = {};","  },","","  _checkProjectType: function() {","    if (this.type) {","      //normalize to lower case","      this.type = this.type.toLowerCase();","      var validProjectTypes = [","        'web',","        'console',","        'mvc',","        'mvc
[...]
.txt', this.applicationName + '/.gitignore');","        this.template(this.sourceRoot() + '/UnitTest1.cs', this.applicationName + '/UnitTest1.cs', this.templatedata);","        this.template(this.sourceRoot() + '/Company.TestProject1.csproj', this.applicationName + '/' + this.applicationName + '.csproj', this.templatedata);","        this.template(this.sourceRoot() + '/../../global.json', this.applicationName + '/global.json', this.templatedata);","        break;","","      //F# Cases","      case 'fsharp_classlib':","        this.sourceRoot(path.join(__dirname, '../templates/projects/' + this.type));","        this.copy(this.sourceRoot() + '/../../gitignore.txt', this.applicationName + '/.gitignore');","        this.template(this.sourceRoot() + '/Library.fs', this.applicationName + '/Library.fs', this.templatedata);","        this.fs.copyTpl(this.sourceRoot() + '/Company.ClassLibrary1.fsproj', this.applicationName + '/' + this.applicationName + '.fsproj', this.templatedata);","        this.template(this.sourceRoot() + '/../../global.json', this.applicationName + '/global.json', this.templatedata);","        break;","","      case 'fsharp_console':","        this.sourceRoot(path.join(__dirname, '../templates/projects/' + this.type));","        this.fs.copy(path.join(__dirname, '../templates/gitignore.txt'), this.applicationName + '/.gitignore');","        this.fs.copyTpl(this.templatePath('Program.fs'), this.applicationName + '/Program.fs', this.templatedata);","        this.fs.copyTpl(this.templatePath('Company.ConsoleApplication1.fsproj'), this.applicationName + '/' + this.applicationName + '.fsproj', this.templatedata);","        this.template(this.sourceRoot() + '/../../global.json', this.applicationName + '/global.json', this.templatedata);","        break;","","      case 'fsharp_web':","        this.sourceRoot(path.join(__dirname, '../templates/projects/' + this.type));","        this.copy(this.sourceRoot() + '/../../gitignore.txt', this.applicationName + '/.gitignore');","        this.template(this.sourceRoot() + '/Program.fs', this.applicationName + '/Program.fs', this.templatedata);","        this.template(this.sourceRoot() + '/Startup.fs', this.applicationName + '/Startup.fs', this.templatedata);","        this.template(this.sourceRoot() + '/Company.WebApplication1.fsproj', this.applicationName + '/' + this.applicationName + '.fsproj', this.templatedata);","        this.copy(this.sourceRoot() + '/web.config', this.applicationName + '/web.config');","        /// Properties","        this.fs.copyTpl(this.templatePath('Properties/**/*'), this.applicationName + '/Properties', this.templatedata);","        this.fs.copy(this.sourceRoot() + '/README.md', this.applicationName + '/README.md');","        this.fs.copyTpl(this.templatePath('/runtimeconfig.template.json'), this.applicationName + '/runtimeconfig.template.json', this.templatedata);","        mkdirp.sync(this.applicationName + '/wwwroot');","        this.template(this.sourceRoot() + '/../../global.json', this.applicationName + '/global.json', this.templatedata);","        break;","","      case 'fsharp_webapi':","        this.sourceRoot(path.join(__dirname, '../templates/projects/' + this.type));","        this.fs.copy(this.sourceRoot() + '/../../gitignore.txt', this.applicationName + '/.gitignore');","        this.copy(this.sourceRoot() + '/appsettings.json', this.applicationName + '/appsettings.json');","        this.copy(this.sourceRoot() + '/appsettings.Development.json', this.applicationName + '/appsettings.Development.json');","        this.fs.copyTpl(this.sourceRoot() + '/Startup.fs', this.applicationName + '/Startup.fs', this.templatedata);","        this.fs.copyTpl(this.sourceRoot() + '/Program.fs', this.applicationName + '/Program.fs', this.templatedata);","        this.fs.copyTpl(this.sourceRoot() + '/Company.WebApplication1.fsproj', this.applicationName + '/' + this.applicationName + '.fsproj', this.templatedata);","        this.fs.copyTpl(this.templatePath('Properties/**/*'), this.applicationName + '/Properties', this.templatedata);","        this.fs.copyTpl(this.templatePath() + '/Controllers/**/*', this.applicationName + '/Controllers', this.templatedata);","        this.fs.copy(this.sourceRoot() + '/web.config', this.applicationName + '/web.config');","        this.fs.copy(this.sourceRoot() + '/README.md', this.applicationName + '/README.md');","        this.fs.copy(this.sourceRoot() + '/runtimeconfig.template.json', this.applicationName + '/runtimeconfig.template.json');","        this.template(this.sourceRoot() + '/../../global.json', this.applicationName + '/global.json', this.templatedata);","        break;","","      case 'fsharp_mvcbasic':","        this.sourceRoot(path.join(__dirname, '../templates/projects/' + this.type));","        // individual files (configs, etc)","        this.fs.copy(this.templatePath('.bowerrc'), this.applicationName + '/.bowerrc');","        this.fs.copy(this.templatePath('bundleconfig.json'), this.applicationName + '/bundleconfig.json');","        this.fs.copy(this.sourceRoot() + '/../../gitignore.txt', this.applicationName + '/.gitignore');","        this.fs.copyTpl(this.templatePath('bower.json'), this.applicationName + '/bower.json', this.templatedata);","        this.fs.copyTpl(this.templatePath('appsettings.json'), this.applicationName + '/appsettings.json', this.templatedata);","        this.fs.copyTpl(this.templatePath('appsettings.Development.json'), this.applicationName + '/appsettings.Development.json', this.templatedata);","        this.fs.copyTpl(this.templatePath('Company.WebApplication1.fsproj'), this.applicationName + '/' + this.applicationName + '.fsproj', this.templatedata);","        this.fs.copyTpl(this.templatePath('Program.fs'), this.applicationName + '/Program.fs', this.templatedata);","        // Properties","        this.fs.copyTpl(this.templatePath('Properties/**/*'), this.applicationName + '/Properties', this.templatedata);","        this.fs.copy(this.templatePath('README.md'), this.applicationName + '/README.md');","        this.fs.copyTpl(this.templatePath('Startup.fs'), this.applicationName + '/Startup.fs', this.templatedata);","        this.fs.copyTpl(this.templatePath('web.config'), this.applicationName + '/web.config', this.templatedata);","        // Controllers","        this.fs.copyTpl(this.templatePath('Controllers/**/*'), this.applicationName + '/Controllers', this.templatedata);","        // Views","        this.fs.copyTpl(this.templatePath('Views/**/*'), this.applicationName + '/Views', this.templatedata);","","        // wwwroot - the content in the wwwroot does not include any direct references or imports","        // So again it is copied 1-to-1 - but tests cover list of all files","        this.fs.copy(this.templatePath('wwwroot/**/*'), this.applicationName + '/wwwroot');","        this.template(this.sourceRoot() + '/../../global.json', this.applicationName + '/global.json', this.templatedata);","        break;","","      case 'fsharp_xunit':","        this.sourceRoot(path.join(__dirname, '../templates/projects/' + this.type));","        this.copy(this.sourceRoot() + '/../../gitignore.txt', this.applicationName + '/.gitignore');","        this.fs.copyTpl(this.templatePath('Company.TestProject1.fsproj'), this.applicationName + '/' + this.applicationName + '.fsproj', this.templatedata);","        this.fs.copyTpl(this.templatePath('Tests.fs'), this.applicationName + '/Tests.fs', this.templatedata);","        this.fs.copy(this.sourceRoot() + '/xunit.runner.json', this.applicationName + '/xunit.runner.json');","        this.template(this.sourceRoot() + '/../../global.json', this.applicationName + '/global.json', this.templatedata);","        break;","","      case 'fsharp_mstest':","        this.sourceRoot(path.join(__dirname, '../templates/projects/' + this.type));","        this.copy(this.sourceRoot() + '/../../gitignore.txt', this.applicationName + '/.gitignore');","        this.fs.copyTpl(this.templatePath('Company.TestProject1.fsproj'), this.applicationName + '/' + this.applicationName + '.fsproj', this.templatedata);","        this.fs.copyTpl(this.templatePath('Tests.fs'), this.applicationName + '/Tests.fs', this.templatedata);","        this.fs.copy(this.sourceRoot() + '/xunit.runner.json', this.applicationName + '/xunit.runner.json');","        this.template(this.sourceRoot() + '/../../global.json', this.applicationName + '/global.json', this.templatedata);","        break;","","      default:","        this.log('Unknown project type');","    }","  },","","  /**","   * Called on the very end of Yo execution","   * Dependencies are installed only for web type","   * of projects that depends on client side libraries","   * and tools like Gulp or Grunt","   * Uses can skip installing dependencies using built-in yo","   * --skip-install option","   */","  end: function() {","    if(!this.options['skip-install'] && (this.type === 'mvc' || this.type === 'mvcbasic' || this.type === \"fsharp_mvcbasic\")) {","      process.chdir(this.applicationName);","      this.installDependencies({","        npm: false,","        bower: true,","        callback: this._showUsageHints.bind(this)","      });","    } else {","      this._showUsageHints();","    }","  },","","  /**","   * Shows usage hints to end user","   * Called on the very end of all processes","   */","  _showUsageHints: function() {","    this.log('\\r\\n');","    this.log('Your project is now created, you can use the following commands to get going');","    this.log(chalk.green('    cd \"' + this.applicationName + '\"'));","    this.log(chalk.green('    dotnet restore'));","    this.log(chalk.green('    dotnet build') + ' (optional, build will also happen when it\\'s run)');","    if(this.type === 'mvc') {","      this.log(chalk.green('    dotnet ef database update') + ' (to create the SQLite database for the project)');","    }","    switch (this.type) {","      case 'console':","        this.log(chalk.green('    dotnet run'));","        break;","      case 'web':","      case 'nancy':","      case 'mvc':","      case 'webapi':","      case 'mvcbasic':","      case 'fsharp_console':","      case 'fsharp_webapi':","      case 'fsharp_mvcbasic':","      case 'fsharp_web':","        this.log(chalk.green('    dotnet run'));","        break;","      case 'xunit':","      case 'fsharp_mstest':","      case 'fsharp_xunit':","        this.log(chalk.green('    dotnet test'));","        break;","    }","","    this.log('\\r\\n');","  }","});","","module.exports = AspnetGenerator;",""],"l":{"2":1,"3":1,"4":1,"5":1,"6":1,"7":1,"8":1,"9":1,"10":1,"13":0,"15":0,"16":0,"17":0,"22":0,"23":0,"27":0,"29":0,"30":0,"48":0,"50":0,"51":0,"52":0,"54":0,"60":0,"61":0,"62":0,"64":0,"136":0,"142":0,"143":0,"144":0,"145":0,"151":0,"152":0,"153":0,"154":0,"155":0,"156":0,"157":0,"158":0,"167":0,"168":0,"169":0,"170":0,"172":0,"173":0,"175":0,"176":0,"178":0,"179":0,"181":0,"182":0,"184":0,"185":0,"187":0,"188":0,"190":0,"191":0,"193":0,"194":0,"196":0,"197":0,"199":0,"200":0,"202":0,"203":0,"205":0,"206":0,"208":0,"209":0,"211":0,"212":0,"214":0,"215":0,"217":0,"218":0,"220":0,"225":0,"226":0,"227":0,"228":0,"231":0,"236":0,"238":0,"241":0,"243":0,"245":0,"247":0,"249":0,"251":0,"254":0,"255":0,"256":0,"257":0,"258":0,"259":0,"262":0,"263":0,"264":0,"265":0,"266":0,"267":0,"268":0,"269":0,"270":0,"271":0,"272":0,"273":0,"274":0,"275":0,"278":0,"280":0,"281":0,"282":0,"283":0,"284":0,"285":0,"286":0,"287":0,"288":0,"289":0,"290":0,"292":0,"293":0,"294":0,"296":0,"297":0,"298":0,"299":0,"301":0,"302":0,"303":0,"305":0,"307":0,"308":0,"309":0,"311":0,"315":0,"316":0,"319":0,"320":0,"321":0,"323":0,"325":0,"326":0,"327":0,"328":0,"329":0,"330":0,"331":0,"332":0,"334":0,"335":0,"336":0,"337":0,"339":0,"341":0,"345":0,"349":0,"350":0,"351":0,"353":0,"354":0,"355":0,"356":0,"357":0,"358":0,"359":0,"360":0,"362":0,"363":0,"364":0,"365":0,"366":0,"367":0,"369":0,"371":0,"373":0,"375":0,"376":0,"377":0,"379":0,"380":0,"381":0,"382":0,"383":0,"384":0,"385":0,"388":0,"389":0,"390":0,"391":0,"392":0,"393":0,"397":0,"398":0,"399":0,"400":0,"401":0,"402":0,"405":0,"406":0,"407":0,"408":0,"409":0,"410":0,"413":0,"414":0,"415":0,"416":0,"417":0,"418":0,"420":0,"421":0,"422":0,"423":0,"424":0,"425":0,"428":0,"429":0,"430":0,"431":0,"432":0,"433":0,"434":0,"435":0,"436":0,"437":0,"438":0,"439":0,"440":0,"441":0,"444":0,"446":0,"447":0,"448":0,"449":0,"450":0,"451":0,"452":0,"453":0,"455":0,"456":0,"457":0,"458":0,"460":0,"462":0,"466":0,"467":0,"468":0,"471":0,"472":0,"473":0,"474":0,"475":0,"476":0,"477":0,"480":0,"481":0,"482":0,"483":0,"484":0,"485":0,"486":0,"489":0,"502":0,"503":0,"504":0,"510":0,"519":0,"520":0,"521":0,"522":0,"523":0,"524":0,"525":0,"527":0,"529":0,"530":0,"540":0,"541":0,"545":0,"546":0,"549":0,"553":1}},"/home/travis/build/npmtest/node-npmtest-generator-aspnet/node_modules/generator-aspnet/configuration.js":{"path":"/home/travis/build/npmtest/node-npmtest-generator-aspnet/node_modules/generator-aspnet/configuration.js","s":{"1":1,"2":1,"3":1,"4":1,"5":0,"6":0,"7":0,"8":0,"9":0,"10":0,"11":0,"12":0,"13":0,"14":0,"15":0,"16":1,"17":0,"18":0,"19":0,"20":0,"21":0,"22":0,"23":0,"24":0,"25":0,"26":0,"27":0,"28":0,"29":0,"30":0,"31":0,"32":0,"33":0},"b":{"1":[0,0],"2":[0,0],"3":[0,0,0],"4":[0,0],"5":[0,0],"6":[0,0],"7":[0,0],"8":[0,0]},"f":{"1":0,"2":0,"3":0,"4":0,"5":0,"6":0},"fnMap":{"1":{"name":"getBaseNamespace","line":5,"loc":{"start":{"line":5,"column":0},"end":{"line":5,"column":30}}},"2":{"name":"(anonymous_2)","line":30,"loc":{"start":{"line":30,"column":16},"end":{"line":30,"column":29}}},"3":{"name":"(anonymous_3)","line":43,"loc":{"start":{"line":43,"column":22},"end":{"line":43,"column":33}}},"4":{"name":"(anonymous_4)","line":48,"loc":{"start":{"line":48,"column":18},"end":{"line":48,"column":31}}},"5":{"name":"(anonymous_5)","line":58,"loc":{"start":{"line":58,"column":21},"end":{"line":58,"column":32}}},"6":{"name":"(anonymous_6)","line":63,"loc":{"start":{"line":63,"column":17},"end":{"line":63,"column":30}}}},"statementMap":{"1":{"start":{"line":1,"column":0},"end":{"line":1,"column":36}},"2":{"start":{"line":2,"column":0},"end":{"line":2,"column":27}},"3":{"start":{"line":3,"column":0},"end":{"line":3,"column":38}},"4":{"start":{"line":5,"column":0},"end":{"line":26,"column":1}},"5":{"start":{"line":8,"column":2},"end":{"line":8,"column":60}},"6":{"start":{"line":10,"column":2},"end":{"line":12,"column":3}},"7":{"start":{"line":11,"column":4},"end":{"line":11,"column":25}},"8":{"start":{"line":14,"column":2},"end":{"line":14,"column":45}},"9":{"start":{"line":15,"column":2},"end":{"line":17,"column":3}},"10":{"start":{"line":16,"column":4},"end":{"line":16,"column":48}},"11":{"start":{"line":19,"column":2},"end":{"line":19,"column":64}},"12":{"start":{"line":20,"column":2},"end":{"line":20,"column":45}},"13":{"start":{"line":22,"column":2},"end":{"line":24,"column":3}},"14":{"start":{"line":23,"column":4},"end":{"line":23,"column":79}},"15":{"start":{"line":25,"column":2},"end":{"line":25,"column":19}},"16":{"start":{"line":28,"column":0},"end":{"line":73,"column":2}},"17":{"start":{"line":33,"column":4},"end":{"line":33,"column":45}},"18":{"start":{"line":34,"column":4},"end":{"line":34,"column":28}},"19":{"start":{"line":35,"column":4},"end":{"line":35,"column":84}},"20":{"start":{"line":36,"column":4},"end":{"line":36,"column":57}},"21":{"start":{"line":37,"column":4},"end":{"line":39,"column":5}},"22":{"start":{"line":38,"column":6},"end":{"line":38,"column":76}},"23":{"start":{"line":41,"column":4},"end":{"line":41,"column":25}},"24":{"start":{"line":46,"column":4},"end":{"line":46,"column":34}},"25":{"start":{"line":51,"column":4},"end":{"line":51,"column":51}},"26":{"start":{"line":52,"column":4},"end":{"line":54,"column":5}},"27":{"start":{"line":53,"column":6},"end":{"line":53,"column":16}},"28":{"start":{"line":56,"column":4},"end":{"line":56,"column":33}},"29":{"start":{"line":61,"column":4},"end":{"line":61,"column":33}},"30":{"start":{"line":66,"column":4},"end":{"line":66,"column":54}},"31":{"start":{"line":67,"column":4},"end":{"line":69,"column":5}},"32":{"start":{"line":68,"column":6},"end":{"line":68,"column":16}},"33":{"start":{"line":71,"column":4},"end":{"line":71,"column":33}}},"branchMap":{"1":{"line":10,"type":"if","locations":[{"start":{"line":10,"column":2},"end":{"line":10,"column":2}},{"start":{"line":10,"column":2},"end":{"line":10,"column":2}}]},"2":{"line":15,"type":"if","locations":[{"start":{"line":15,"column":2},"end":{"line":15,"column":2}},{"start":{"line":15,"column":2},"end":{"line":15,"column":2}}]},"3":{"line":15,"type":"binary-expr","locations":[{"start":{"line":15,"column":6},"end":{"line":15,"column":17}},{"start":{"line":15,"column":21},"end":{"line":15,"column":40}},{"start":{"line":15,"column":44},"end":{"line":15,"column":80}}]},"4":{"line":22,"type":"if","locations":[{"start":{"line":22,"column":2},"end":{"line":22,"column":2}},{"start":{"line":22,"column":2},"end":{"line":22,"column":2}}]},"5":{"line":35,"type":"binary-expr","locations":[{"start":{"line":35,"column":50},"end":{"line":35,"column":75}},{"start":{"line":35,"column":79},"end":{"line":35,"column":81}}]},"6":{"line":37,"type":"if","locations":[{"start":{"line":37,"column":4},"end":{"line":37,"column":4}},{"start":{"line":37,"column":4},"end":{"line":37,"column":4}}]},"7":{"line":52,"type":"if","locations":[{"start":{"line":52,"column":4},"end":{"line":52,"column":4}},{"start":{"line":52,"column":4},"end":{"line":52,"column":4}}]},"8":{"line":67,"type":"if","locations":[{"start":{"line":67,"column":4},"end":{"line":67,"column":4}},{"start":{"line":67,"column":4},"end":{"line":67,"column":4}}]}},"code":["var findup = require('findup-sync');","var path = require('path');","var abstractionsStr = '.Abstractions';","","function getBaseNamespace(fs) {","  'use strict';","","  var projectJsonPath = module.exports.getProjectJsonPath();","","  if (!projectJsonPath) {","    return 'MyNamespace';","  }","","  var projectJson = require(projectJsonPath);","  if (projectJson && projectJson.tooling && projectJson.tooling.defaultNamespace) {","    return projectJson.tooling.defaultNamespace;","  }","","  var projectPath = path.resolve(path.dirname(projectJsonPath));","  var namespace = path.basename(projectPath);","  // If it ends in .Abstractions, we want the common namespace by default.","  if (namespace.indexOf(abstractionsStr) === namespace.length - abstractionsStr.length) {","    namespace = namespace.substr(0, namespace.length - abstractionsStr.length);","  }","  return namespace;","}","","module.exports = {","  // Get the namespace relative to the cwd","  getNamespace: function(fs) {","    'use strict';","","    var baseNamespace = getBaseNamespace(fs);","    var cwd = process.cwd();","    var baseDirectory = path.resolve(path.dirname(this.getProjectJsonPath() || ''));","    var relativePath = path.relative(baseDirectory, cwd);","    if (relativePath) {","      return [baseNamespace].concat(relativePath.split(path.sep)).join('.');","    }","","    return baseNamespace;","  },","  getProjectJsonPath: function() {","    'use strict';","","    return findup('project.json');","  },","  getProjectJson: function(fs) {","    'use strict';","","    var path = module.exports.getProjectJsonPath();","    if (!path) {","      return {};","    }","","    return fs.readJSON(path, {});","  },","  getGlobalJsonPath: function() {","    'use strict';","","    return findup('global.json');","  },","  getGlobalJson: function(fs) {","    'use strict';","","    var path = module.exports.getGlobalJsonPath(path);","    if (!path) {","      return {};","    }","","    return fs.readJSON(path, {});","  },","};",""],"l":{"1":1,"2":1,"3":1,"5":1,"8":0,"10":0,"11":0,"14":0,"15":0,"16":0,"19":0,"20":0,"22":0,"23":0,"25":0,"28":1,"33":0,"34":0,"35":0,"36":0,"37":0,"38":0,"41":0,"46":0,"51":0,"52":0,"53":0,"56":0,"61":0,"66":0,"67":0,"68":0,"71":0}}}